Sun Apr  5 20:16:57 2020       
+-----------------------------------------------------------------------------+
| NVIDIA-SMI 435.21       Driver Version: 435.21       CUDA Version: 10.1     |
|-------------------------------+----------------------+----------------------+
| GPU  Name        Persistence-M| Bus-Id        Disp.A | Volatile Uncorr. ECC |
| Fan  Temp  Perf  Pwr:Usage/Cap|         Memory-Usage | GPU-Util  Compute M. |
|===============================+======================+======================|
|   0  TITAN Xp            On   | 00000000:1C:00.0 Off |                  N/A |
| 23%   30C    P8     9W / 250W |      0MiB / 12196MiB |      0%      Default |
+-------------------------------+----------------------+----------------------+
                                                                               
+-----------------------------------------------------------------------------+
| Processes:                                                       GPU Memory |
|  GPU       PID   Type   Process name                             Usage      |
|=============================================================================|
|  No running processes found                                                 |
+-----------------------------------------------------------------------------+
 20:16:57 up 94 days,  5:31,  3 users,  load average: 5.87, 5.55, 5.01
/vol/biomedic2/aa16914/shared/MScAI_brain_surface/alex/deepl_brain_surfaces
==================================================
==================================================

Data nativeness: aligned
Data compression: 50
Data type: inflated
Local features: []
Global features: []

Learning rate: 0.001
Batch size: 8

==================================================
==================================================
Processing...
Done!
Processing...
Done!
Processing...
Done!
[20/61] Loss: 0.8222, Train Accuracy: 0.2548, Mean IoU: 0.08101421501487494
[40/61] Loss: 0.7090, Train Accuracy: 0.3021, Mean IoU: 0.08989820815622807
[60/61] Loss: 0.6548, Train Accuracy: 0.3468, Mean IoU: 0.11266674101352692
Epoch: 01, Val Loss/nll: 3.3604698181152344, Val Acc: 0.2199
		Validation Label 0: 0.07247686386108398
		Validation Label 1: 0.0
		Validation Label 2: 0.0
		Validation Label 3: 0.0
		Validation Label 4: 0.0
		Validation Label 5: 0.0
		Validation Label 6: 0.0
		Validation Label 7: 0.0
		Validation Label 8: nan
		Validation Label 9: 0.0
		Validation Label 10: 0.0
		Validation Label 11: 0.0
		Validation Label 12: 0.0
		Validation Label 13: 0.0
		Validation Label 14: 0.0
		Validation Label 15: 0.0
		Validation Label 16: 0.2594960033893585
		Validation Label 17: 0.0
============================================================
[20/61] Loss: 0.6189, Train Accuracy: 0.3807, Mean IoU: 0.12281146738678217
[40/61] Loss: 0.5901, Train Accuracy: 0.4061, Mean IoU: 0.13378531951457262
[60/61] Loss: 0.5630, Train Accuracy: 0.4306, Mean IoU: 0.1497866716235876
Epoch: 02, Val Loss/nll: 1.93588125705719, Val Acc: 0.3619
		Validation Label 0: 0.21817977726459503
		Validation Label 1: 0.0
		Validation Label 2: 0.0
		Validation Label 3: 0.0
		Validation Label 4: 0.057655952870845795
		Validation Label 5: 0.0
		Validation Label 6: 0.0
		Validation Label 7: 0.0018333906773477793
		Validation Label 8: nan
		Validation Label 9: 0.22985367476940155
		Validation Label 10: 0.0
		Validation Label 11: 0.0
		Validation Label 12: 0.0
		Validation Label 13: 0.0
		Validation Label 14: 0.0
		Validation Label 15: 0.0
		Validation Label 16: 0.3450324535369873
		Validation Label 17: 0.15898998081684113
============================================================
[20/61] Loss: 0.5427, Train Accuracy: 0.4432, Mean IoU: 0.1489999182522297
[40/61] Loss: 0.5256, Train Accuracy: 0.4524, Mean IoU: 0.1529692392796278
[60/61] Loss: 0.5061, Train Accuracy: 0.4687, Mean IoU: 0.15500071179121733
Epoch: 03, Val Loss/nll: 1.5776232481002808, Val Acc: 0.4552
		Validation Label 0: 0.3592209219932556
		Validation Label 1: 0.0
		Validation Label 2: 0.0
		Validation Label 3: 0.0
		Validation Label 4: 0.0533376969397068
		Validation Label 5: 0.0
		Validation Label 6: 0.0
		Validation Label 7: 0.04178272932767868
		Validation Label 8: nan
		Validation Label 9: 0.3801281750202179
		Validation Label 10: 0.0
		Validation Label 11: 0.0
		Validation Label 12: 0.0
		Validation Label 13: 0.0
		Validation Label 14: 0.0
		Validation Label 15: 0.03738014027476311
		Validation Label 16: 0.404929518699646
		Validation Label 17: 0.2770812213420868
============================================================
[20/61] Loss: 0.4974, Train Accuracy: 0.4758, Mean IoU: 0.16481987200677395
[40/61] Loss: 0.4903, Train Accuracy: 0.4730, Mean IoU: 0.16855677962303162
[60/61] Loss: 0.4622, Train Accuracy: 0.4989, Mean IoU: 0.19251985661685467
Epoch: 04, Val Loss/nll: 1.6364682912826538, Val Acc: 0.4667
		Validation Label 0: 0.44606608152389526
		Validation Label 1: 0.0
		Validation Label 2: 0.0
		Validation Label 3: 0.0
		Validation Label 4: 0.1374245434999466
		Validation Label 5: 0.0
		Validation Label 6: 0.0
		Validation Label 7: 0.10653617978096008
		Validation Label 8: nan
		Validation Label 9: 0.3458266854286194
		Validation Label 10: 0.0
		Validation Label 11: 0.0
		Validation Label 12: 0.07082396745681763
		Validation Label 13: 0.0
		Validation Label 14: 0.07525705546140671
		Validation Label 15: 0.07832091301679611
		Validation Label 16: 0.39464956521987915
		Validation Label 17: 0.34342268109321594
============================================================
[20/61] Loss: 0.4555, Train Accuracy: 0.5095, Mean IoU: 0.18768714554607868
[40/61] Loss: 0.4476, Train Accuracy: 0.5177, Mean IoU: 0.2224780824035406
[60/61] Loss: 0.4403, Train Accuracy: 0.5339, Mean IoU: 0.21222402341663837
Epoch: 05, Val Loss/nll: 1.507348895072937, Val Acc: 0.4566
		Validation Label 0: 0.33525192737579346
		Validation Label 1: 0.053809817880392075
		Validation Label 2: 0.13704143464565277
		Validation Label 3: 0.0064825932495296
		Validation Label 4: 0.19176964461803436
		Validation Label 5: 0.0
		Validation Label 6: 0.0
		Validation Label 7: 0.16838295757770538
		Validation Label 8: nan
		Validation Label 9: 0.37534773349761963
		Validation Label 10: 0.0
		Validation Label 11: 0.0
		Validation Label 12: 0.12860645353794098
		Validation Label 13: 0.0
		Validation Label 14: 0.012418503873050213
		Validation Label 15: 0.23686310648918152
		Validation Label 16: 0.37933626770973206
		Validation Label 17: 0.36029019951820374
============================================================
[20/61] Loss: 0.4286, Train Accuracy: 0.5453, Mean IoU: 0.21949005872011185
[40/61] Loss: 0.4119, Train Accuracy: 0.5580, Mean IoU: 0.23806976154446602
[60/61] Loss: 0.3786, Train Accuracy: 0.5914, Mean IoU: 0.2665310222655535
Epoch: 06, Val Loss/nll: 1.392998456954956, Val Acc: 0.5351
		Validation Label 0: 0.48002997040748596
		Validation Label 1: 0.06498195230960846
		Validation Label 2: 0.19870048761367798
		Validation Label 3: 0.010598964989185333
		Validation Label 4: 0.09908384084701538
		Validation Label 5: 0.0012487858766689897
		Validation Label 6: 0.0
		Validation Label 7: 0.19738541543483734
		Validation Label 8: nan
		Validation Label 9: 0.4478052258491516
		Validation Label 10: 0.0
		Validation Label 11: 0.0
		Validation Label 12: 0.18346762657165527
		Validation Label 13: 0.0
		Validation Label 14: 0.16104666888713837
		Validation Label 15: 0.16147896647453308
		Validation Label 16: 0.41623273491859436
		Validation Label 17: 0.43708735704421997
============================================================
[20/61] Loss: 0.3844, Train Accuracy: 0.5875, Mean IoU: 0.2777855023741722
[40/61] Loss: 0.3801, Train Accuracy: 0.5988, Mean IoU: 0.2610050868242979
[60/61] Loss: 0.3594, Train Accuracy: 0.6216, Mean IoU: 0.3091552387923002
Epoch: 07, Val Loss/nll: 1.3544957637786865, Val Acc: 0.5537
		Validation Label 0: 0.4386657774448395
		Validation Label 1: 0.03660321980714798
		Validation Label 2: 0.2684515118598938
		Validation Label 3: 0.022206638008356094
		Validation Label 4: 0.14330531656742096
		Validation Label 5: 0.029480518773198128
		Validation Label 6: 0.009647495113313198
		Validation Label 7: 0.21680325269699097
		Validation Label 8: nan
		Validation Label 9: 0.5099548697471619
		Validation Label 10: 0.0
		Validation Label 11: 0.0007235889788717031
		Validation Label 12: 0.20860086381435394
		Validation Label 13: 0.014207908883690834
		Validation Label 14: 0.11573146283626556
		Validation Label 15: 0.29750585556030273
		Validation Label 16: 0.4727458655834198
		Validation Label 17: 0.44900861382484436
============================================================
[20/61] Loss: 0.3317, Train Accuracy: 0.6514, Mean IoU: 0.31171247735619545
[40/61] Loss: 0.3413, Train Accuracy: 0.6398, Mean IoU: 0.3022898733615875
[60/61] Loss: 0.3459, Train Accuracy: 0.6316, Mean IoU: 0.32407739013433456
Epoch: 08, Val Loss/nll: 1.0388810634613037, Val Acc: 0.6259
		Validation Label 0: 0.5043885111808777
		Validation Label 1: 0.14963221549987793
		Validation Label 2: 0.3560454249382019
		Validation Label 3: 0.03334132954478264
		Validation Label 4: 0.2127593457698822
		Validation Label 5: 0.15954923629760742
		Validation Label 6: 0.018532246351242065
		Validation Label 7: 0.3007124960422516
		Validation Label 8: nan
		Validation Label 9: 0.6147606372833252
		Validation Label 10: 0.0
		Validation Label 11: 0.0
		Validation Label 12: 0.28381529450416565
		Validation Label 13: 0.027095293626189232
		Validation Label 14: 0.19971056282520294
		Validation Label 15: 0.3667004704475403
		Validation Label 16: 0.5588164925575256
		Validation Label 17: 0.4966500401496887
============================================================
[20/61] Loss: 0.3251, Train Accuracy: 0.6546, Mean IoU: 0.3146709371358156
[40/61] Loss: 0.3086, Train Accuracy: 0.6719, Mean IoU: 0.3514804467558861
[60/61] Loss: 0.3192, Train Accuracy: 0.6554, Mean IoU: 0.34822288528084755
Epoch: 09, Val Loss/nll: 0.9872830510139465, Val Acc: 0.6381
		Validation Label 0: 0.5135671496391296
		Validation Label 1: 0.19304697215557098
		Validation Label 2: 0.39735808968544006
		Validation Label 3: 0.08408304303884506
		Validation Label 4: 0.22454534471035004
		Validation Label 5: 0.1976199746131897
		Validation Label 6: 0.029936091974377632
		Validation Label 7: 0.28035834431648254
		Validation Label 8: nan
		Validation Label 9: 0.6643837094306946
		Validation Label 10: 0.014358647167682648
		Validation Label 11: 0.013850415125489235
		Validation Label 12: 0.3035045266151428
		Validation Label 13: 0.07661290466785431
		Validation Label 14: 0.2965428829193115
		Validation Label 15: 0.35260680317878723
		Validation Label 16: 0.5615205764770508
		Validation Label 17: 0.5181994438171387
============================================================
[20/61] Loss: 0.2870, Train Accuracy: 0.6878, Mean IoU: 0.3573339208960533
[40/61] Loss: 0.2941, Train Accuracy: 0.6787, Mean IoU: 0.3363423962146044
[60/61] Loss: 0.3002, Train Accuracy: 0.6760, Mean IoU: 0.312289759516716
Epoch: 10, Val Loss/nll: 1.103568434715271, Val Acc: 0.6241
		Validation Label 0: 0.41136252880096436
		Validation Label 1: 0.18893355131149292
		Validation Label 2: 0.3779228925704956
		Validation Label 3: 0.046454768627882004
		Validation Label 4: 0.09074267745018005
		Validation Label 5: 0.19977913796901703
		Validation Label 6: 0.052665382623672485
		Validation Label 7: 0.3295177221298218
		Validation Label 8: nan
		Validation Label 9: 0.5633994340896606
		Validation Label 10: 0.09849066287279129
		Validation Label 11: 0.004664513748139143
		Validation Label 12: 0.29301849007606506
		Validation Label 13: 0.030635572969913483
		Validation Label 14: 0.2167300432920456
		Validation Label 15: 0.36668115854263306
		Validation Label 16: 0.6043448448181152
		Validation Label 17: 0.4648996889591217
============================================================
[20/61] Loss: 0.2900, Train Accuracy: 0.6864, Mean IoU: 0.4017699547111988
[40/61] Loss: 0.2777, Train Accuracy: 0.6945, Mean IoU: 0.3811544142663479
[60/61] Loss: 0.2581, Train Accuracy: 0.7167, Mean IoU: 0.3874075300991535
Epoch: 11, Val Loss/nll: 0.8211727142333984, Val Acc: 0.7054
		Validation Label 0: 0.5490593314170837
		Validation Label 1: 0.24941226840019226
		Validation Label 2: 0.42168447375297546
		Validation Label 3: 0.1535419523715973
		Validation Label 4: 0.16501650214195251
		Validation Label 5: 0.2827592194080353
		Validation Label 6: 0.12601406872272491
		Validation Label 7: 0.3863302171230316
		Validation Label 8: nan
		Validation Label 9: 0.7199190258979797
		Validation Label 10: 0.23153546452522278
		Validation Label 11: 0.0
		Validation Label 12: 0.3608417510986328
		Validation Label 13: 0.018687110394239426
		Validation Label 14: 0.4225931763648987
		Validation Label 15: 0.43070855736732483
		Validation Label 16: 0.6893318891525269
		Validation Label 17: 0.5918914675712585
============================================================
[20/61] Loss: 0.2642, Train Accuracy: 0.7095, Mean IoU: 0.4313538298010826
[40/61] Loss: 0.2749, Train Accuracy: 0.7023, Mean IoU: 0.40007753297686577
[60/61] Loss: 0.2598, Train Accuracy: 0.7168, Mean IoU: 0.3697776086628437
Epoch: 12, Val Loss/nll: 0.8116475343704224, Val Acc: 0.7022
		Validation Label 0: 0.5854901075363159
		Validation Label 1: 0.2401682436466217
		Validation Label 2: 0.4233871102333069
		Validation Label 3: 0.18493647873401642
		Validation Label 4: 0.311323344707489
		Validation Label 5: 0.32339316606521606
		Validation Label 6: 0.09642966091632843
		Validation Label 7: 0.37674158811569214
		Validation Label 8: nan
		Validation Label 9: 0.7154579758644104
		Validation Label 10: 0.28161925077438354
		Validation Label 11: 0.015787584707140923
		Validation Label 12: 0.3881148099899292
		Validation Label 13: 0.09147386252880096
		Validation Label 14: 0.2587655782699585
		Validation Label 15: 0.3994385600090027
		Validation Label 16: 0.6583347916603088
		Validation Label 17: 0.5854187607765198
============================================================
[20/61] Loss: 0.2708, Train Accuracy: 0.7076, Mean IoU: 0.37998783960938454
[40/61] Loss: 0.2578, Train Accuracy: 0.7208, Mean IoU: 0.4182291589677334
[60/61] Loss: 0.2591, Train Accuracy: 0.7156, Mean IoU: 0.4107111468911171
Epoch: 13, Val Loss/nll: 0.7297289371490479, Val Acc: 0.7289
		Validation Label 0: 0.5795733332633972
		Validation Label 1: 0.3184894919395447
		Validation Label 2: 0.416142076253891
		Validation Label 3: 0.18281272053718567
		Validation Label 4: 0.30838078260421753
		Validation Label 5: 0.32189229130744934
		Validation Label 6: 0.14229540526866913
		Validation Label 7: 0.4561871886253357
		Validation Label 8: nan
		Validation Label 9: 0.7381343841552734
		Validation Label 10: 0.2765032649040222
		Validation Label 11: 0.03159003332257271
		Validation Label 12: 0.41022709012031555
		Validation Label 13: 0.15276272594928741
		Validation Label 14: 0.45421820878982544
		Validation Label 15: 0.3913043439388275
		Validation Label 16: 0.7078421711921692
		Validation Label 17: 0.6240140199661255
============================================================
[20/61] Loss: 0.2374, Train Accuracy: 0.7372, Mean IoU: 0.41464150324463844
[40/61] Loss: 0.2485, Train Accuracy: 0.7254, Mean IoU: 0.4207555912435055
[60/61] Loss: 0.2462, Train Accuracy: 0.7311, Mean IoU: 0.4134073667228222
Epoch: 14, Val Loss/nll: 0.7152615785598755, Val Acc: 0.7382
		Validation Label 0: 0.610852837562561
		Validation Label 1: 0.33271822333335876
		Validation Label 2: 0.47232237458229065
		Validation Label 3: 0.1988467574119568
		Validation Label 4: 0.33521872758865356
		Validation Label 5: 0.32532015442848206
		Validation Label 6: 0.16682441532611847
		Validation Label 7: 0.4668422043323517
		Validation Label 8: nan
		Validation Label 9: 0.7336289286613464
		Validation Label 10: 0.3079198896884918
		Validation Label 11: 0.09002361446619034
		Validation Label 12: 0.4131910800933838
		Validation Label 13: 0.04528212547302246
		Validation Label 14: 0.42966753244400024
		Validation Label 15: 0.4833715558052063
		Validation Label 16: 0.7150912284851074
		Validation Label 17: 0.6338269710540771
============================================================
[20/61] Loss: 0.2393, Train Accuracy: 0.7376, Mean IoU: 0.409433264285326
[40/61] Loss: 0.2537, Train Accuracy: 0.7244, Mean IoU: 0.35594455152750015
[60/61] Loss: 0.2393, Train Accuracy: 0.7375, Mean IoU: 0.43746066093444824
Epoch: 15, Val Loss/nll: 0.7005558609962463, Val Acc: 0.7348
		Validation Label 0: 0.586142897605896
		Validation Label 1: 0.3010846674442291
		Validation Label 2: 0.44380268454551697
		Validation Label 3: 0.2009996473789215
		Validation Label 4: 0.35674700140953064
		Validation Label 5: 0.38084086775779724
		Validation Label 6: 0.1297345608472824
		Validation Label 7: 0.47574955224990845
		Validation Label 8: nan
		Validation Label 9: 0.7601004242897034
		Validation Label 10: 0.31971830129623413
		Validation Label 11: 0.09739329665899277
		Validation Label 12: 0.44360488653182983
		Validation Label 13: 0.1504785120487213
		Validation Label 14: 0.3785187304019928
		Validation Label 15: 0.4038008749485016
		Validation Label 16: 0.698418378829956
		Validation Label 17: 0.6335279941558838
============================================================
[20/61] Loss: 0.2334, Train Accuracy: 0.7411, Mean IoU: 0.4709794335067272
[40/61] Loss: 0.2434, Train Accuracy: 0.7328, Mean IoU: 0.4000096507370472
[60/61] Loss: 0.2323, Train Accuracy: 0.7443, Mean IoU: 0.45561712607741356
Epoch: 16, Val Loss/nll: 0.6853191256523132, Val Acc: 0.7464
		Validation Label 0: 0.5953091979026794
		Validation Label 1: 0.3502126932144165
		Validation Label 2: 0.4896106421947479
		Validation Label 3: 0.22545389831066132
		Validation Label 4: 0.36180225014686584
		Validation Label 5: 0.3730015754699707
		Validation Label 6: 0.14114627242088318
		Validation Label 7: 0.5096769332885742
		Validation Label 8: nan
		Validation Label 9: 0.7384521961212158
		Validation Label 10: 0.33284518122673035
		Validation Label 11: 0.09257040172815323
		Validation Label 12: 0.410276859998703
		Validation Label 13: 0.14361485838890076
		Validation Label 14: 0.40131232142448425
		Validation Label 15: 0.46993741393089294
		Validation Label 16: 0.7274605631828308
		Validation Label 17: 0.632721483707428
============================================================
[20/61] Loss: 0.2254, Train Accuracy: 0.7482, Mean IoU: 0.46205054596066475
[40/61] Loss: 0.2254, Train Accuracy: 0.7507, Mean IoU: 0.4642637223005295
[60/61] Loss: 0.2598, Train Accuracy: 0.7238, Mean IoU: 0.37803587317466736
Epoch: 17, Val Loss/nll: 0.7067747712135315, Val Acc: 0.7383
		Validation Label 0: 0.6116690635681152
		Validation Label 1: 0.23606792092323303
		Validation Label 2: 0.45299822092056274
		Validation Label 3: 0.20831084251403809
		Validation Label 4: 0.3210248649120331
		Validation Label 5: 0.3400473892688751
		Validation Label 6: 0.13300491869449615
		Validation Label 7: 0.49132904410362244
		Validation Label 8: nan
		Validation Label 9: 0.7342780232429504
		Validation Label 10: 0.3417951166629791
		Validation Label 11: 0.060875289142131805
		Validation Label 12: 0.42319628596305847
		Validation Label 13: 0.1281779706478119
		Validation Label 14: 0.4064701199531555
		Validation Label 15: 0.474425733089447
		Validation Label 16: 0.7014011740684509
		Validation Label 17: 0.6313350200653076
============================================================
[20/61] Loss: 0.2290, Train Accuracy: 0.7492, Mean IoU: 0.4419952407479286
[40/61] Loss: 0.2477, Train Accuracy: 0.7299, Mean IoU: 0.43293169885873795
[60/61] Loss: 0.2304, Train Accuracy: 0.7445, Mean IoU: 0.4549317695200443
Epoch: 18, Val Loss/nll: 0.7086371183395386, Val Acc: 0.7434
		Validation Label 0: 0.5842415690422058
		Validation Label 1: 0.337198942899704
		Validation Label 2: 0.5159045457839966
		Validation Label 3: 0.23600439727306366
		Validation Label 4: 0.2638830542564392
		Validation Label 5: 0.41314953565597534
		Validation Label 6: 0.23370786011219025
		Validation Label 7: 0.48015904426574707
		Validation Label 8: nan
		Validation Label 9: 0.7496733665466309
		Validation Label 10: 0.36800000071525574
		Validation Label 11: 0.1677745282649994
		Validation Label 12: 0.4304353892803192
		Validation Label 13: 0.07850426435470581
		Validation Label 14: 0.40364712476730347
		Validation Label 15: 0.46755266189575195
		Validation Label 16: 0.7128024697303772
		Validation Label 17: 0.63131183385849
============================================================
[20/61] Loss: 0.2158, Train Accuracy: 0.7583, Mean IoU: 0.47579845413565636
[40/61] Loss: 0.2163, Train Accuracy: 0.7600, Mean IoU: 0.4647466354072094
[60/61] Loss: 0.2082, Train Accuracy: 0.7658, Mean IoU: 0.48245786130428314
Epoch: 19, Val Loss/nll: 0.5796099305152893, Val Acc: 0.7778
		Validation Label 0: 0.6337304711341858
		Validation Label 1: 0.42911460995674133
		Validation Label 2: 0.5323615074157715
		Validation Label 3: 0.29713448882102966
		Validation Label 4: 0.3965364694595337
		Validation Label 5: 0.495052695274353
		Validation Label 6: 0.1828782707452774
		Validation Label 7: 0.5708253383636475
		Validation Label 8: nan
		Validation Label 9: 0.7767359614372253
		Validation Label 10: 0.37631991505622864
		Validation Label 11: 0.1330956667661667
		Validation Label 12: 0.48363760113716125
		Validation Label 13: 0.20811881124973297
		Validation Label 14: 0.46522486209869385
		Validation Label 15: 0.4797512888908386
		Validation Label 16: 0.7622675895690918
		Validation Label 17: 0.6702460050582886
============================================================
[20/61] Loss: 0.2244, Train Accuracy: 0.7532, Mean IoU: 0.46603013575077057
[40/61] Loss: 0.2319, Train Accuracy: 0.7453, Mean IoU: 0.4322623237967491
[60/61] Loss: 0.2090, Train Accuracy: 0.7662, Mean IoU: 0.4817468971014023
Epoch: 20, Val Loss/nll: 0.5753357410430908, Val Acc: 0.7831
		Validation Label 0: 0.6479052901268005
		Validation Label 1: 0.446524053812027
		Validation Label 2: 0.5040687918663025
		Validation Label 3: 0.3007911443710327
		Validation Label 4: 0.4012201726436615
		Validation Label 5: 0.49504077434539795
		Validation Label 6: 0.28664839267730713
		Validation Label 7: 0.5374101400375366
		Validation Label 8: nan
		Validation Label 9: 0.7717779874801636
		Validation Label 10: 0.41694241762161255
		Validation Label 11: 0.18014606833457947
		Validation Label 12: 0.5055501461029053
		Validation Label 13: 0.21247562766075134
		Validation Label 14: 0.4710353910923004
		Validation Label 15: 0.5188708305358887
		Validation Label 16: 0.7709587812423706
		Validation Label 17: 0.677898108959198
============================================================
[20/61] Loss: 0.2086, Train Accuracy: 0.7666, Mean IoU: 0.4284421466290951
[40/61] Loss: 0.2110, Train Accuracy: 0.7641, Mean IoU: 0.45055423118174076
[60/61] Loss: 0.2092, Train Accuracy: 0.7692, Mean IoU: 0.4866642914712429
Epoch: 21, Val Loss/nll: 0.6469638347625732, Val Acc: 0.7590
		Validation Label 0: 0.6238702535629272
		Validation Label 1: 0.38488540053367615
		Validation Label 2: 0.4359036087989807
		Validation Label 3: 0.2291555553674698
		Validation Label 4: 0.3516943156719208
		Validation Label 5: 0.4065980315208435
		Validation Label 6: 0.1650485396385193
		Validation Label 7: 0.5011822581291199
		Validation Label 8: nan
		Validation Label 9: 0.7693628668785095
		Validation Label 10: 0.3305617868900299
		Validation Label 11: 0.13846571743488312
		Validation Label 12: 0.4460155665874481
		Validation Label 13: 0.2384008765220642
		Validation Label 14: 0.5001133680343628
		Validation Label 15: 0.47426173090934753
		Validation Label 16: 0.7391337752342224
		Validation Label 17: 0.6476271152496338
============================================================
[20/61] Loss: 0.2057, Train Accuracy: 0.7718, Mean IoU: 0.5153050385415554
[40/61] Loss: 0.2070, Train Accuracy: 0.7684, Mean IoU: 0.4768746607005596
[60/61] Loss: 0.2047, Train Accuracy: 0.7718, Mean IoU: 0.5026496462523937
Epoch: 22, Val Loss/nll: 0.6191321611404419, Val Acc: 0.7661
		Validation Label 0: 0.6404455304145813
		Validation Label 1: 0.42137327790260315
		Validation Label 2: 0.5063208341598511
		Validation Label 3: 0.26047298312187195
		Validation Label 4: 0.4219803214073181
		Validation Label 5: 0.4453100562095642
		Validation Label 6: 0.24269481003284454
		Validation Label 7: 0.5153977870941162
		Validation Label 8: nan
		Validation Label 9: 0.7608963847160339
		Validation Label 10: 0.3402470350265503
		Validation Label 11: 0.17563171684741974
		Validation Label 12: 0.48181986808776855
		Validation Label 13: 0.2421070635318756
		Validation Label 14: 0.4832615852355957
		Validation Label 15: 0.5030693411827087
		Validation Label 16: 0.7523716688156128
		Validation Label 17: 0.6450918316841125
============================================================
[20/61] Loss: 0.2064, Train Accuracy: 0.7732, Mean IoU: 0.47328537702560425
[40/61] Loss: 0.2172, Train Accuracy: 0.7586, Mean IoU: 0.4881124719977379
[60/61] Loss: 0.2074, Train Accuracy: 0.7693, Mean IoU: 0.4698987640440464
Epoch: 23, Val Loss/nll: 0.580988883972168, Val Acc: 0.7790
		Validation Label 0: 0.61357581615448
		Validation Label 1: 0.3642028272151947
		Validation Label 2: 0.5128950476646423
		Validation Label 3: 0.28376704454421997
		Validation Label 4: 0.39777660369873047
		Validation Label 5: 0.4705570340156555
		Validation Label 6: 0.2524089217185974
		Validation Label 7: 0.5772254467010498
		Validation Label 8: nan
		Validation Label 9: 0.7745431661605835
		Validation Label 10: 0.36866360902786255
		Validation Label 11: 0.21499258279800415
		Validation Label 12: 0.49716123938560486
		Validation Label 13: 0.16160133481025696
		Validation Label 14: 0.4595898687839508
		Validation Label 15: 0.5
		Validation Label 16: 0.7667198777198792
		Validation Label 17: 0.6855019927024841
============================================================
[20/61] Loss: 0.1964, Train Accuracy: 0.7787, Mean IoU: 0.48987337946891785
[40/61] Loss: 0.1918, Train Accuracy: 0.7838, Mean IoU: 0.47203509509563446
[60/61] Loss: 0.2052, Train Accuracy: 0.7728, Mean IoU: 0.5156253390014172
Epoch: 24, Val Loss/nll: 0.7149444818496704, Val Acc: 0.7310
		Validation Label 0: 0.5993794798851013
		Validation Label 1: 0.4120379090309143
		Validation Label 2: 0.4992375075817108
		Validation Label 3: 0.24475637078285217
		Validation Label 4: 0.37090346217155457
		Validation Label 5: 0.4378522038459778
		Validation Label 6: 0.1521282196044922
		Validation Label 7: 0.5048871636390686
		Validation Label 8: nan
		Validation Label 9: 0.7080333232879639
		Validation Label 10: 0.36059772968292236
		Validation Label 11: 0.157908633351326
		Validation Label 12: 0.4151330590248108
		Validation Label 13: 0.19789014756679535
		Validation Label 14: 0.4458165466785431
		Validation Label 15: 0.4125933349132538
		Validation Label 16: 0.7138391137123108
		Validation Label 17: 0.5801198482513428
============================================================
[20/61] Loss: 0.2039, Train Accuracy: 0.7742, Mean IoU: 0.5101918689906597
[40/61] Loss: 0.1899, Train Accuracy: 0.7867, Mean IoU: 0.5364921055734158
[60/61] Loss: 0.1882, Train Accuracy: 0.7876, Mean IoU: 0.5174287967383862
Epoch: 25, Val Loss/nll: 0.5548572540283203, Val Acc: 0.7886
		Validation Label 0: 0.6491967439651489
		Validation Label 1: 0.36078885197639465
		Validation Label 2: 0.5375050902366638
		Validation Label 3: 0.31012970209121704
		Validation Label 4: 0.48002365231513977
		Validation Label 5: 0.4945802688598633
		Validation Label 6: 0.2229050248861313
		Validation Label 7: 0.5494702458381653
		Validation Label 8: nan
		Validation Label 9: 0.7729055881500244
		Validation Label 10: 0.41182681918144226
		Validation Label 11: 0.24103300273418427
		Validation Label 12: 0.522285521030426
		Validation Label 13: 0.22604085505008698
		Validation Label 14: 0.4326974153518677
		Validation Label 15: 0.5078211426734924
		Validation Label 16: 0.778559684753418
		Validation Label 17: 0.6910561323165894
============================================================
[20/61] Loss: 0.1852, Train Accuracy: 0.7908, Mean IoU: 0.5349169299006462
[40/61] Loss: 0.1806, Train Accuracy: 0.7958, Mean IoU: 0.5061510726809502
[60/61] Loss: 0.1878, Train Accuracy: 0.7872, Mean IoU: 0.5208724997937679
Epoch: 26, Val Loss/nll: 0.587329089641571, Val Acc: 0.7788
		Validation Label 0: 0.6438610553741455
		Validation Label 1: 0.38373780250549316
		Validation Label 2: 0.5322831869125366
		Validation Label 3: 0.31157416105270386
		Validation Label 4: 0.4093175530433655
		Validation Label 5: 0.45591139793395996
		Validation Label 6: 0.23338185250759125
		Validation Label 7: 0.5638559460639954
		Validation Label 8: nan
		Validation Label 9: 0.7740113139152527
		Validation Label 10: 0.42523884773254395
		Validation Label 11: 0.18470418453216553
		Validation Label 12: 0.4658885598182678
		Validation Label 13: 0.1131860613822937
		Validation Label 14: 0.49204015731811523
		Validation Label 15: 0.51165372133255
		Validation Label 16: 0.7691684365272522
		Validation Label 17: 0.6676304936408997
============================================================
[20/61] Loss: 0.1813, Train Accuracy: 0.7968, Mean IoU: 0.5238239653408527
[40/61] Loss: 0.1949, Train Accuracy: 0.7816, Mean IoU: 0.43729472160339355
[60/61] Loss: 0.2007, Train Accuracy: 0.7745, Mean IoU: 0.5427273400127888
Epoch: 27, Val Loss/nll: 0.5086337924003601, Val Acc: 0.8002
		Validation Label 0: 0.6539521217346191
		Validation Label 1: 0.4773772954940796
		Validation Label 2: 0.5317392945289612
		Validation Label 3: 0.34885385632514954
		Validation Label 4: 0.4751910865306854
		Validation Label 5: 0.49570024013519287
		Validation Label 6: 0.28084543347358704
		Validation Label 7: 0.6027777791023254
		Validation Label 8: nan
		Validation Label 9: 0.7903424501419067
		Validation Label 10: 0.4650910794734955
		Validation Label 11: 0.24902817606925964
		Validation Label 12: 0.5457521080970764
		Validation Label 13: 0.3189685642719269
		Validation Label 14: 0.45002686977386475
		Validation Label 15: 0.5341852903366089
		Validation Label 16: 0.7876703143119812
		Validation Label 17: 0.700467050075531
============================================================
[20/61] Loss: 0.1950, Train Accuracy: 0.7829, Mean IoU: 0.5058419853448868
[40/61] Loss: 0.1879, Train Accuracy: 0.7889, Mean IoU: 0.5209509879350662
[60/61] Loss: 0.1858, Train Accuracy: 0.7923, Mean IoU: 0.5017312914133072
Epoch: 28, Val Loss/nll: 0.5786964893341064, Val Acc: 0.7793
		Validation Label 0: 0.6536197662353516
		Validation Label 1: 0.4123755991458893
		Validation Label 2: 0.5339784622192383
		Validation Label 3: 0.3354571461677551
		Validation Label 4: 0.45431992411613464
		Validation Label 5: 0.4943000376224518
		Validation Label 6: 0.24236588180065155
		Validation Label 7: 0.5690832138061523
		Validation Label 8: nan
		Validation Label 9: 0.7605373859405518
		Validation Label 10: 0.4379294514656067
		Validation Label 11: 0.22084708511829376
		Validation Label 12: 0.5365697145462036
		Validation Label 13: 0.23256759345531464
		Validation Label 14: 0.45145392417907715
		Validation Label 15: 0.5157837867736816
		Validation Label 16: 0.7459642291069031
		Validation Label 17: 0.6634548902511597
============================================================
[20/61] Loss: 0.1736, Train Accuracy: 0.8021, Mean IoU: 0.5345705673098564
[40/61] Loss: 0.1869, Train Accuracy: 0.7889, Mean IoU: 0.535706140100956
[60/61] Loss: 0.1771, Train Accuracy: 0.7971, Mean IoU: 0.525759644806385
Epoch: 29, Val Loss/nll: 0.5268683433532715, Val Acc: 0.7992
		Validation Label 0: 0.6585383415222168
		Validation Label 1: 0.4326758086681366
		Validation Label 2: 0.5691648721694946
		Validation Label 3: 0.3648999333381653
		Validation Label 4: 0.49681320786476135
		Validation Label 5: 0.5070828199386597
		Validation Label 6: 0.2902519106864929
		Validation Label 7: 0.5920006632804871
		Validation Label 8: nan
		Validation Label 9: 0.7844722270965576
		Validation Label 10: 0.43239063024520874
		Validation Label 11: 0.2767370045185089
		Validation Label 12: 0.5332095623016357
		Validation Label 13: 0.27961722016334534
		Validation Label 14: 0.4204269051551819
		Validation Label 15: 0.5524672269821167
		Validation Label 16: 0.7877936959266663
		Validation Label 17: 0.6968962550163269
============================================================
[20/61] Loss: 0.1732, Train Accuracy: 0.8037, Mean IoU: 0.5344430170953274
[40/61] Loss: 0.1901, Train Accuracy: 0.7874, Mean IoU: 0.4640828315168619
[60/61] Loss: 0.1867, Train Accuracy: 0.7888, Mean IoU: 0.5129952020943165
Epoch: 30, Val Loss/nll: 0.5382192730903625, Val Acc: 0.7982
		Validation Label 0: 0.6439471244812012
		Validation Label 1: 0.4673575162887573
		Validation Label 2: 0.5760097503662109
		Validation Label 3: 0.34214702248573303
		Validation Label 4: 0.46949276328086853
		Validation Label 5: 0.48702430725097656
		Validation Label 6: 0.3088662922382355
		Validation Label 7: 0.574798583984375
		Validation Label 8: nan
		Validation Label 9: 0.7785962820053101
		Validation Label 10: 0.41503429412841797
		Validation Label 11: 0.2398177981376648
		Validation Label 12: 0.5330387353897095
		Validation Label 13: 0.23363927006721497
		Validation Label 14: 0.4870959520339966
		Validation Label 15: 0.5185533761978149
		Validation Label 16: 0.7885355949401855
		Validation Label 17: 0.6743299961090088
============================================================
[20/61] Loss: 0.1807, Train Accuracy: 0.7979, Mean IoU: 0.515826016664505
[40/61] Loss: 0.1774, Train Accuracy: 0.7998, Mean IoU: 0.5517416596412659
[60/61] Loss: 0.1731, Train Accuracy: 0.8035, Mean IoU: 0.5509481579065323
Epoch: 31, Val Loss/nll: 0.5042601823806763, Val Acc: 0.8077
		Validation Label 0: 0.6675606966018677
		Validation Label 1: 0.5082179307937622
		Validation Label 2: 0.5171154737472534
		Validation Label 3: 0.35623058676719666
		Validation Label 4: 0.5106639266014099
		Validation Label 5: 0.5062202215194702
		Validation Label 6: 0.3074619472026825
		Validation Label 7: 0.6055372357368469
		Validation Label 8: nan
		Validation Label 9: 0.7761527299880981
		Validation Label 10: 0.425526887178421
		Validation Label 11: 0.279423326253891
		Validation Label 12: 0.551297664642334
		Validation Label 13: 0.3172449469566345
		Validation Label 14: 0.5238709449768066
		Validation Label 15: 0.5247689485549927
		Validation Label 16: 0.8038234710693359
		Validation Label 17: 0.6995252370834351
============================================================
[20/61] Loss: 0.1730, Train Accuracy: 0.8036, Mean IoU: 0.5296603813767433
[40/61] Loss: 0.1712, Train Accuracy: 0.8056, Mean IoU: 0.5495902225375175
[60/61] Loss: 0.1686, Train Accuracy: 0.8078, Mean IoU: 0.5627760887145996
Epoch: 32, Val Loss/nll: 0.5392056703567505, Val Acc: 0.7954
		Validation Label 0: 0.6520273089408875
		Validation Label 1: 0.44274646043777466
		Validation Label 2: 0.5221347212791443
		Validation Label 3: 0.35736197233200073
		Validation Label 4: 0.484047532081604
		Validation Label 5: 0.4760037064552307
		Validation Label 6: 0.3193754553794861
		Validation Label 7: 0.5958805680274963
		Validation Label 8: nan
		Validation Label 9: 0.7855060696601868
		Validation Label 10: 0.43464529514312744
		Validation Label 11: 0.2934216856956482
		Validation Label 12: 0.5594542026519775
		Validation Label 13: 0.26709482073783875
		Validation Label 14: 0.48342105746269226
		Validation Label 15: 0.527508556842804
		Validation Label 16: 0.7697575688362122
		Validation Label 17: 0.695834755897522
============================================================
[20/61] Loss: 0.1741, Train Accuracy: 0.8039, Mean IoU: 0.5557575896382332
[40/61] Loss: 0.1658, Train Accuracy: 0.8099, Mean IoU: 0.5559562370181084
[60/61] Loss: 0.1750, Train Accuracy: 0.8009, Mean IoU: 0.5256416276097298
Epoch: 33, Val Loss/nll: 0.5671664476394653, Val Acc: 0.7880
		Validation Label 0: 0.6668722033500671
		Validation Label 1: 0.46823403239250183
		Validation Label 2: 0.45764273405075073
		Validation Label 3: 0.347321093082428
		Validation Label 4: 0.43173518776893616
		Validation Label 5: 0.44382989406585693
		Validation Label 6: 0.32921138405799866
		Validation Label 7: 0.5732698440551758
		Validation Label 8: nan
		Validation Label 9: 0.7471062541007996
		Validation Label 10: 0.4046655595302582
		Validation Label 11: 0.2558545172214508
		Validation Label 12: 0.529266357421875
		Validation Label 13: 0.25314217805862427
		Validation Label 14: 0.5252072811126709
		Validation Label 15: 0.48447519540786743
		Validation Label 16: 0.771990180015564
		Validation Label 17: 0.6794558763504028
============================================================
[20/61] Loss: 0.1687, Train Accuracy: 0.8099, Mean IoU: 0.5484240017831326
[40/61] Loss: 0.1770, Train Accuracy: 0.8018, Mean IoU: 0.5512499436736107
[60/61] Loss: 0.1683, Train Accuracy: 0.8086, Mean IoU: 0.5864955075085163
Epoch: 34, Val Loss/nll: 0.4950309097766876, Val Acc: 0.8069
		Validation Label 0: 0.6662257313728333
		Validation Label 1: 0.4790496826171875
		Validation Label 2: 0.5632022619247437
		Validation Label 3: 0.3737914264202118
		Validation Label 4: 0.5001063942909241
		Validation Label 5: 0.5033090114593506
		Validation Label 6: 0.30781090259552
		Validation Label 7: 0.6155333518981934
		Validation Label 8: nan
		Validation Label 9: 0.775821328163147
		Validation Label 10: 0.46988216042518616
		Validation Label 11: 0.26954036951065063
		Validation Label 12: 0.5494978427886963
		Validation Label 13: 0.2789733409881592
		Validation Label 14: 0.5105316042900085
		Validation Label 15: 0.5279663801193237
		Validation Label 16: 0.7931557297706604
		Validation Label 17: 0.7099213600158691
============================================================
[20/61] Loss: 0.1635, Train Accuracy: 0.8125, Mean IoU: 0.5567113347351551
[40/61] Loss: 0.1713, Train Accuracy: 0.8073, Mean IoU: 0.5271478295326233
[60/61] Loss: 0.1816, Train Accuracy: 0.7949, Mean IoU: 0.5294590070843697
Epoch: 35, Val Loss/nll: 0.573936939239502, Val Acc: 0.7842
		Validation Label 0: 0.598809540271759
		Validation Label 1: 0.4035656452178955
		Validation Label 2: 0.5019323825836182
		Validation Label 3: 0.3673798441886902
		Validation Label 4: 0.498649537563324
		Validation Label 5: 0.4788913428783417
		Validation Label 6: 0.26258566975593567
		Validation Label 7: 0.595497190952301
		Validation Label 8: nan
		Validation Label 9: 0.784058690071106
		Validation Label 10: 0.4362701177597046
		Validation Label 11: 0.2659095823764801
		Validation Label 12: 0.50372713804245
		Validation Label 13: 0.24119751155376434
		Validation Label 14: 0.513668417930603
		Validation Label 15: 0.4901666045188904
		Validation Label 16: 0.773216962814331
		Validation Label 17: 0.6550506949424744
============================================================
[20/61] Loss: 0.1721, Train Accuracy: 0.8047, Mean IoU: 0.46098363772034645
[40/61] Loss: 0.1836, Train Accuracy: 0.7921, Mean IoU: 0.5634002909064293
[60/61] Loss: 0.1821, Train Accuracy: 0.7999, Mean IoU: 0.5495572984218597
Epoch: 36, Val Loss/nll: 0.5659312009811401, Val Acc: 0.7819
		Validation Label 0: 0.5923272967338562
		Validation Label 1: 0.49947088956832886
		Validation Label 2: 0.5589417815208435
		Validation Label 3: 0.2933230400085449
		Validation Label 4: 0.4854947030544281
		Validation Label 5: 0.4913729131221771
		Validation Label 6: 0.28916826844215393
		Validation Label 7: 0.5702307820320129
		Validation Label 8: nan
		Validation Label 9: 0.7691161632537842
		Validation Label 10: 0.4247075915336609
		Validation Label 11: 0.27951565384864807
		Validation Label 12: 0.5152308344841003
		Validation Label 13: 0.28563016653060913
		Validation Label 14: 0.35128486156463623
		Validation Label 15: 0.41647598147392273
		Validation Label 16: 0.7641639113426208
		Validation Label 17: 0.6654983758926392
============================================================
[20/61] Loss: 0.1690, Train Accuracy: 0.8077, Mean IoU: 0.5486962981522083
[40/61] Loss: 0.1693, Train Accuracy: 0.8085, Mean IoU: 0.5637275464832783
[60/61] Loss: 0.1664, Train Accuracy: 0.8119, Mean IoU: 0.5524415597319603
Epoch: 37, Val Loss/nll: 0.5059221386909485, Val Acc: 0.8085
		Validation Label 0: 0.675901472568512
		Validation Label 1: 0.5164744853973389
		Validation Label 2: 0.5816011428833008
		Validation Label 3: 0.39484286308288574
		Validation Label 4: 0.5044414401054382
		Validation Label 5: 0.5148834586143494
		Validation Label 6: 0.33526164293289185
		Validation Label 7: 0.6267162561416626
		Validation Label 8: nan
		Validation Label 9: 0.7833079099655151
		Validation Label 10: 0.44996485114097595
		Validation Label 11: 0.295017272233963
		Validation Label 12: 0.5652053952217102
		Validation Label 13: 0.29905030131340027
		Validation Label 14: 0.5056123733520508
		Validation Label 15: 0.48140329122543335
		Validation Label 16: 0.7839490175247192
		Validation Label 17: 0.7090639472007751
============================================================
[20/61] Loss: 0.1628, Train Accuracy: 0.8137, Mean IoU: 0.5450286641716957
[40/61] Loss: 0.1651, Train Accuracy: 0.8124, Mean IoU: 0.5471508353948593
[60/61] Loss: 0.1606, Train Accuracy: 0.8167, Mean IoU: 0.5816004052758217
Epoch: 38, Val Loss/nll: 0.5084648132324219, Val Acc: 0.8073
		Validation Label 0: 0.6583510637283325
		Validation Label 1: 0.5304160118103027
		Validation Label 2: 0.5712667107582092
		Validation Label 3: 0.35584813356399536
		Validation Label 4: 0.4714696407318115
		Validation Label 5: 0.5344864726066589
		Validation Label 6: 0.3347289562225342
		Validation Label 7: 0.6374156475067139
		Validation Label 8: nan
		Validation Label 9: 0.7910254597663879
		Validation Label 10: 0.42876023054122925
		Validation Label 11: 0.20852668583393097
		Validation Label 12: 0.5480865836143494
		Validation Label 13: 0.2287878841161728
		Validation Label 14: 0.5011512041091919
		Validation Label 15: 0.48744216561317444
		Validation Label 16: 0.7968918681144714
		Validation Label 17: 0.7051044702529907
============================================================
[20/61] Loss: 0.1648, Train Accuracy: 0.8120, Mean IoU: 0.5694835223257542
[40/61] Loss: 0.1601, Train Accuracy: 0.8177, Mean IoU: 0.5492551252245903
[60/61] Loss: 0.1600, Train Accuracy: 0.8154, Mean IoU: 0.5566313192248344
Epoch: 39, Val Loss/nll: 0.4189607501029968, Val Acc: 0.8358
		Validation Label 0: 0.7029710412025452
		Validation Label 1: 0.5643525719642639
		Validation Label 2: 0.6212227940559387
		Validation Label 3: 0.45420560240745544
		Validation Label 4: 0.5923773646354675
		Validation Label 5: 0.5187100172042847
		Validation Label 6: 0.3879430592060089
		Validation Label 7: 0.6335113048553467
		Validation Label 8: nan
		Validation Label 9: 0.8176897764205933
		Validation Label 10: 0.5048502087593079
		Validation Label 11: 0.32962772250175476
		Validation Label 12: 0.591847836971283
		Validation Label 13: 0.348901629447937
		Validation Label 14: 0.5525807738304138
		Validation Label 15: 0.5546256899833679
		Validation Label 16: 0.8373132348060608
		Validation Label 17: 0.7439219951629639
============================================================
[20/61] Loss: 0.1801, Train Accuracy: 0.8001, Mean IoU: 0.5446677953004837
[40/61] Loss: 0.1676, Train Accuracy: 0.8116, Mean IoU: 0.5502390116453171
[60/61] Loss: 0.1610, Train Accuracy: 0.8165, Mean IoU: 0.5718779787421227
Epoch: 40, Val Loss/nll: 0.495495080947876, Val Acc: 0.8079
		Validation Label 0: 0.6718464493751526
		Validation Label 1: 0.5179093480110168
		Validation Label 2: 0.574910581111908
		Validation Label 3: 0.3905993700027466
		Validation Label 4: 0.526850700378418
		Validation Label 5: 0.5358494520187378
		Validation Label 6: 0.35819828510284424
		Validation Label 7: 0.607210636138916
		Validation Label 8: nan
		Validation Label 9: 0.7791532874107361
		Validation Label 10: 0.4544770419597626
		Validation Label 11: 0.3060515820980072
		Validation Label 12: 0.5658102035522461
		Validation Label 13: 0.26968929171562195
		Validation Label 14: 0.5037018060684204
		Validation Label 15: 0.5124187469482422
		Validation Label 16: 0.7899184226989746
		Validation Label 17: 0.7026985287666321
============================================================
[20/61] Loss: 0.1623, Train Accuracy: 0.8153, Mean IoU: 0.5733206644654274
[40/61] Loss: 0.1540, Train Accuracy: 0.8243, Mean IoU: 0.5904408097267151
[60/61] Loss: 0.1676, Train Accuracy: 0.8101, Mean IoU: 0.5209668576717377
Epoch: 41, Val Loss/nll: 0.4643212854862213, Val Acc: 0.8194
		Validation Label 0: 0.6786518692970276
		Validation Label 1: 0.5175455212593079
		Validation Label 2: 0.5972082018852234
		Validation Label 3: 0.3768274784088135
		Validation Label 4: 0.5514308214187622
		Validation Label 5: 0.5313712358474731
		Validation Label 6: 0.3209245800971985
		Validation Label 7: 0.6407277584075928
		Validation Label 8: nan
		Validation Label 9: 0.7988461256027222
		Validation Label 10: 0.44028979539871216
		Validation Label 11: 0.3092464804649353
		Validation Label 12: 0.5566369891166687
		Validation Label 13: 0.22312869131565094
		Validation Label 14: 0.5131775140762329
		Validation Label 15: 0.54002445936203
		Validation Label 16: 0.8157676458358765
		Validation Label 17: 0.7250650525093079
============================================================
[20/61] Loss: 0.1618, Train Accuracy: 0.8168, Mean IoU: 0.5697626918554306
[40/61] Loss: 0.1566, Train Accuracy: 0.8194, Mean IoU: 0.5967536196112633
[60/61] Loss: 0.1445, Train Accuracy: 0.8322, Mean IoU: 0.5984204113483429
Epoch: 42, Val Loss/nll: 0.4529769718647003, Val Acc: 0.8235
		Validation Label 0: 0.6839707493782043
		Validation Label 1: 0.5539196133613586
		Validation Label 2: 0.6138728260993958
		Validation Label 3: 0.3414539098739624
		Validation Label 4: 0.5927598476409912
		Validation Label 5: 0.5252136588096619
		Validation Label 6: 0.324739933013916
		Validation Label 7: 0.6265323758125305
		Validation Label 8: nan
		Validation Label 9: 0.8063994646072388
		Validation Label 10: 0.4734867513179779
		Validation Label 11: 0.28410008549690247
		Validation Label 12: 0.568673312664032
		Validation Label 13: 0.3288135528564453
		Validation Label 14: 0.5383470058441162
		Validation Label 15: 0.5550451278686523
		Validation Label 16: 0.8155142068862915
		Validation Label 17: 0.7262329459190369
============================================================
[20/61] Loss: 0.1607, Train Accuracy: 0.8197, Mean IoU: 0.5893038660287857
[40/61] Loss: 0.1666, Train Accuracy: 0.8121, Mean IoU: 0.5430768504738808
[60/61] Loss: 0.1503, Train Accuracy: 0.8276, Mean IoU: 0.5797481015324593
Epoch: 43, Val Loss/nll: 0.4460865557193756, Val Acc: 0.8260
		Validation Label 0: 0.6821057200431824
		Validation Label 1: 0.5619311332702637
		Validation Label 2: 0.6141137480735779
		Validation Label 3: 0.3821201026439667
		Validation Label 4: 0.5606085062026978
		Validation Label 5: 0.5394298434257507
		Validation Label 6: 0.3737514615058899
		Validation Label 7: 0.6377423405647278
		Validation Label 8: nan
		Validation Label 9: 0.7959226965904236
		Validation Label 10: 0.4876399338245392
		Validation Label 11: 0.33835721015930176
		Validation Label 12: 0.5813127756118774
		Validation Label 13: 0.3086664080619812
		Validation Label 14: 0.5465945601463318
		Validation Label 15: 0.5284885764122009
		Validation Label 16: 0.8266596794128418
		Validation Label 17: 0.7153401374816895
============================================================
[20/61] Loss: 0.1588, Train Accuracy: 0.8204, Mean IoU: 0.5674652382731438
[40/61] Loss: 0.1660, Train Accuracy: 0.8113, Mean IoU: 0.5874804928898811
[60/61] Loss: 0.1514, Train Accuracy: 0.8255, Mean IoU: 0.5785743072628975
Epoch: 44, Val Loss/nll: 0.46599090099334717, Val Acc: 0.8183
		Validation Label 0: 0.6851719617843628
		Validation Label 1: 0.5330904722213745
		Validation Label 2: 0.6257937550544739
		Validation Label 3: 0.3937055766582489
		Validation Label 4: 0.5658982396125793
		Validation Label 5: 0.550561785697937
		Validation Label 6: 0.3884839713573456
		Validation Label 7: 0.6578654050827026
		Validation Label 8: nan
		Validation Label 9: 0.8005070090293884
		Validation Label 10: 0.48715415596961975
		Validation Label 11: 0.3263643682003021
		Validation Label 12: 0.5542316436767578
		Validation Label 13: 0.3300037682056427
		Validation Label 14: 0.5520787835121155
		Validation Label 15: 0.5447995066642761
		Validation Label 16: 0.8143340945243835
		Validation Label 17: 0.6932947039604187
============================================================
[20/61] Loss: 0.1495, Train Accuracy: 0.8275, Mean IoU: 0.5625066868960857
[40/61] Loss: 0.1508, Train Accuracy: 0.8261, Mean IoU: 0.6165630370378494
[60/61] Loss: 0.1438, Train Accuracy: 0.8324, Mean IoU: 0.5717764869332314
Epoch: 45, Val Loss/nll: 0.38678109645843506, Val Acc: 0.8437
		Validation Label 0: 0.7002191543579102
		Validation Label 1: 0.570909857749939
		Validation Label 2: 0.6475730538368225
		Validation Label 3: 0.4052827060222626
		Validation Label 4: 0.6124950647354126
		Validation Label 5: 0.5652714967727661
		Validation Label 6: 0.3342725336551666
		Validation Label 7: 0.6734656691551208
		Validation Label 8: nan
		Validation Label 9: 0.8224006295204163
		Validation Label 10: 0.5367854237556458
		Validation Label 11: 0.38162457942962646
		Validation Label 12: 0.6038488149642944
		Validation Label 13: 0.3343108594417572
		Validation Label 14: 0.5545984506607056
		Validation Label 15: 0.5714051723480225
		Validation Label 16: 0.8470726013183594
		Validation Label 17: 0.7632871270179749
============================================================
[20/61] Loss: 0.1416, Train Accuracy: 0.8369, Mean IoU: 0.5686994902789593
[40/61] Loss: 0.1379, Train Accuracy: 0.8402, Mean IoU: 0.5448688454926014
[60/61] Loss: 0.1400, Train Accuracy: 0.8383, Mean IoU: 0.6059156507253647
Epoch: 46, Val Loss/nll: 0.44262704253196716, Val Acc: 0.8300
		Validation Label 0: 0.6896923184394836
		Validation Label 1: 0.5831775665283203
		Validation Label 2: 0.6340857744216919
		Validation Label 3: 0.43006661534309387
		Validation Label 4: 0.5850312113761902
		Validation Label 5: 0.5811995267868042
		Validation Label 6: 0.3645833432674408
		Validation Label 7: 0.648679256439209
		Validation Label 8: nan
		Validation Label 9: 0.7934852838516235
		Validation Label 10: 0.4917127192020416
		Validation Label 11: 0.343691885471344
		Validation Label 12: 0.5885408520698547
		Validation Label 13: 0.323589950799942
		Validation Label 14: 0.5304659605026245
		Validation Label 15: 0.558598518371582
		Validation Label 16: 0.813178539276123
		Validation Label 17: 0.740933358669281
============================================================
[20/61] Loss: 0.1385, Train Accuracy: 0.8397, Mean IoU: 0.5767278522253036
[40/61] Loss: 0.1429, Train Accuracy: 0.8366, Mean IoU: 0.6165734976530075
[60/61] Loss: 0.1436, Train Accuracy: 0.8347, Mean IoU: 0.5721331872045994
Epoch: 47, Val Loss/nll: 0.42988091707229614, Val Acc: 0.8305
		Validation Label 0: 0.7045139074325562
		Validation Label 1: 0.5329880714416504
		Validation Label 2: 0.6093398928642273
		Validation Label 3: 0.46821537613868713
		Validation Label 4: 0.5779737830162048
		Validation Label 5: 0.5748066902160645
		Validation Label 6: 0.38121548295021057
		Validation Label 7: 0.6564784049987793
		Validation Label 8: nan
		Validation Label 9: 0.8049461245536804
		Validation Label 10: 0.5090538263320923
		Validation Label 11: 0.3554430305957794
		Validation Label 12: 0.6204650402069092
		Validation Label 13: 0.2865879237651825
		Validation Label 14: 0.5803170204162598
		Validation Label 15: 0.5330350995063782
		Validation Label 16: 0.8195708990097046
		Validation Label 17: 0.733997106552124
============================================================
[20/61] Loss: 0.1500, Train Accuracy: 0.8282, Mean IoU: 0.5899980515241623
[40/61] Loss: 0.1592, Train Accuracy: 0.8204, Mean IoU: 0.5786197483539581
[60/61] Loss: 0.1511, Train Accuracy: 0.8290, Mean IoU: 0.5979327708482742
Epoch: 48, Val Loss/nll: 0.41904497146606445, Val Acc: 0.8332
		Validation Label 0: 0.6735800504684448
		Validation Label 1: 0.5573457479476929
		Validation Label 2: 0.590080738067627
		Validation Label 3: 0.4518696665763855
		Validation Label 4: 0.5788736939430237
		Validation Label 5: 0.5587756037712097
		Validation Label 6: 0.380724161863327
		Validation Label 7: 0.6503052115440369
		Validation Label 8: nan
		Validation Label 9: 0.8172391653060913
		Validation Label 10: 0.5117177367210388
		Validation Label 11: 0.34273743629455566
		Validation Label 12: 0.6156536936759949
		Validation Label 13: 0.36376655101776123
		Validation Label 14: 0.5547305345535278
		Validation Label 15: 0.5524420738220215
		Validation Label 16: 0.8230498433113098
		Validation Label 17: 0.7470515370368958
============================================================
[20/61] Loss: 0.1393, Train Accuracy: 0.8402, Mean IoU: 0.6191741153597832
[40/61] Loss: 0.1449, Train Accuracy: 0.8332, Mean IoU: 0.5760249570012093
[60/61] Loss: 0.1425, Train Accuracy: 0.8358, Mean IoU: 0.5582992397248745
Epoch: 49, Val Loss/nll: 0.425698846578598, Val Acc: 0.8384
		Validation Label 0: 0.6988045573234558
		Validation Label 1: 0.6018884778022766
		Validation Label 2: 0.6272215843200684
		Validation Label 3: 0.45641669631004333
		Validation Label 4: 0.5537753701210022
		Validation Label 5: 0.5909438729286194
		Validation Label 6: 0.43642351031303406
		Validation Label 7: 0.6542007923126221
		Validation Label 8: nan
		Validation Label 9: 0.8215108513832092
		Validation Label 10: 0.524223268032074
		Validation Label 11: 0.3765625059604645
		Validation Label 12: 0.5931866765022278
		Validation Label 13: 0.23939064145088196
		Validation Label 14: 0.5593059062957764
		Validation Label 15: 0.5427845120429993
		Validation Label 16: 0.836128294467926
		Validation Label 17: 0.7501813173294067
============================================================
Traceback (most recent call last):
  File "/usr/lib/python3.6/runpy.py", line 193, in _run_module_as_main
    "__main__", mod_spec)
  File "/usr/lib/python3.6/runpy.py", line 85, in _run_code
    exec(code, run_globals)
  File "/vol/biomedic2/aa16914/shared/MScAI_brain_surface/alex/deepl_brain_surfaces/main/pointnet2-segmentation.py", line 445, in <module>
    loss, acc, iou = test(test_loader, comment, test=True, id=id, experiment_name=experiment_name)
  File "/vol/biomedic2/aa16914/shared/MScAI_brain_surface/alex/deepl_brain_surfaces/main/pointnet2-segmentation.py", line 317, in test
    writer.add_scalar('Validation Time/epoch', time.time() - start, epoch)
  File "/vol/project/2019/545/g1954504/venv_1.2/lib/python3.6/site-packages/torch/utils/tensorboard/writer.py", line 295, in add_scalar
    scalar(tag, scalar_value), global_step, walltime)
  File "/vol/project/2019/545/g1954504/venv_1.2/lib/python3.6/site-packages/torch/utils/tensorboard/writer.py", line 97, in add_summary
    self.add_event(event, global_step, walltime)
  File "/vol/project/2019/545/g1954504/venv_1.2/lib/python3.6/site-packages/torch/utils/tensorboard/writer.py", line 81, in add_event
    event.step = int(step)
ValueError: invalid literal for int() with base 10: ''
