Mon Apr  6 11:37:36 2020       
+-----------------------------------------------------------------------------+
| NVIDIA-SMI 435.21       Driver Version: 435.21       CUDA Version: 10.1     |
|-------------------------------+----------------------+----------------------+
| GPU  Name        Persistence-M| Bus-Id        Disp.A | Volatile Uncorr. ECC |
| Fan  Temp  Perf  Pwr:Usage/Cap|         Memory-Usage | GPU-Util  Compute M. |
|===============================+======================+======================|
|   0  Tesla K80           On   | 00000000:07:00.0 Off |                    0 |
| N/A   33C    P8    25W / 149W |      0MiB / 11441MiB |      0%      Default |
+-------------------------------+----------------------+----------------------+
                                                                               
+-----------------------------------------------------------------------------+
| Processes:                                                       GPU Memory |
|  GPU       PID   Type   Process name                             Usage      |
|=============================================================================|
|  No running processes found                                                 |
+-----------------------------------------------------------------------------+
 11:37:36 up 58 days, 23:39,  3 users,  load average: 2.72, 2.87, 3.89
/vol/biomedic2/aa16914/shared/MScAI_brain_surface/alex/deepl_brain_surfaces
==================================================
==================================================

Data nativeness: aligned
Data compression: 50
Data type: inflated
Local features: []
Global features: []

Learning rate: 0.001
Batch size: 8

==================================================
==================================================
Processing...
Done!
Processing...
Done!
Processing...
Done!
[20/61] Loss: 0.8174, Train Accuracy: 0.2443, Mean IoU: 0.08230779133737087
[40/61] Loss: 0.7090, Train Accuracy: 0.3018, Mean IoU: 0.09005948062986135
[60/61] Loss: 0.6639, Train Accuracy: 0.3319, Mean IoU: 0.11030665319412947
Epoch: 01, Val Loss/nll: 5.850642681121826, Val Acc: 0.0440
		Validation Label 0: 0.0443466491997242
		Validation Label 1: 0.0
		Validation Label 2: 0.0
		Validation Label 3: 0.0
		Validation Label 4: 0.0
		Validation Label 5: 0.0
		Validation Label 6: 0.0
		Validation Label 7: 0.0
		Validation Label 8: nan
		Validation Label 9: 0.0
		Validation Label 10: 0.0
		Validation Label 11: 0.0
		Validation Label 12: 0.0
		Validation Label 13: 0.0
		Validation Label 14: 0.0
		Validation Label 15: 0.0
		Validation Label 16: 0.0
		Validation Label 17: 0.0
============================================================
		Test Label 0: 0.04522373527288437
		Test Label 1: 0.0
		Test Label 2: 0.0
		Test Label 3: 0.0
		Test Label 4: 0.0
		Test Label 5: 0.0
		Test Label 6: 0.0
		Test Label 7: 0.0
		Test Label 8: nan
		Test Label 9: 0.0
		Test Label 10: 0.0
		Test Label 11: 0.0
		Test Label 12: 0.0
		Test Label 13: 0.0
		Test Label 14: 0.0
		Test Label 15: 0.0
		Test Label 16: 0.0
		Test Label 17: 0.0
==================================================
==================================================

Data nativeness: aligned
Data compression: 50
Data type: inflated
Local features: ['corr_thickness']
Global features: []

Learning rate: 0.001
Batch size: 8

==================================================
==================================================
Processing...
Done!
Processing...
Done!
Processing...
Done!
/vol/biomedic2/aa16914/shared/MScAI_brain_surface/alex/deepl_brain_surfaces/src/plot_confusion_matrix.py:36: RuntimeWarning: invalid value encountered in true_divide
  cm = cm.astype('float')*10 / cm.sum(axis=1)[:, np.newaxis]
[20/61] Loss: 0.7283, Train Accuracy: 0.3417, Mean IoU: 0.1193214850500226
[40/61] Loss: 0.5014, Train Accuracy: 0.4756, Mean IoU: 0.19879811070859432
[60/61] Loss: 0.3980, Train Accuracy: 0.5807, Mean IoU: 0.2855096384882927
Epoch: 01, Val Loss/nll: 1.1584914922714233, Val Acc: 0.5808
		Validation Label 0: 0.7498870491981506
		Validation Label 1: 0.39478060603141785
		Validation Label 2: 0.20317743718624115
		Validation Label 3: 0.24253371357917786
		Validation Label 4: 0.15502020716667175
		Validation Label 5: 0.1890590339899063
		Validation Label 6: 0.0003871467197313905
		Validation Label 7: 0.3352724313735962
		Validation Label 8: nan
		Validation Label 9: 0.43445900082588196
		Validation Label 10: 0.0778515413403511
		Validation Label 11: 0.054483745247125626
		Validation Label 12: 0.2907205820083618
		Validation Label 13: 0.0
		Validation Label 14: 0.3201502859592438
		Validation Label 15: 0.26200416684150696
		Validation Label 16: 0.5988327264785767
		Validation Label 17: 0.2908540368080139
============================================================
slurmstepd: error: *** JOB 3869 ON sicklebill CANCELLED AT 2020-04-06T12:28:25 ***
