Sun Apr  5 14:39:00 2020       
+-----------------------------------------------------------------------------+
| NVIDIA-SMI 435.21       Driver Version: 435.21       CUDA Version: 10.1     |
|-------------------------------+----------------------+----------------------+
| GPU  Name        Persistence-M| Bus-Id        Disp.A | Volatile Uncorr. ECC |
| Fan  Temp  Perf  Pwr:Usage/Cap|         Memory-Usage | GPU-Util  Compute M. |
|===============================+======================+======================|
|   0  Tesla K80           On   | 00000000:0E:00.0 Off |                    0 |
| N/A   40C    P8    30W / 149W |      0MiB / 11441MiB |      0%      Default |
+-------------------------------+----------------------+----------------------+
                                                                               
+-----------------------------------------------------------------------------+
| Processes:                                                       GPU Memory |
|  GPU       PID   Type   Process name                             Usage      |
|=============================================================================|
|  No running processes found                                                 |
+-----------------------------------------------------------------------------+
 14:39:01 up 58 days,  2:41,  3 users,  load average: 13.55, 12.38, 12.11
/vol/biomedic2/aa16914/shared/MScAI_brain_surface/alex/deepl_brain_surfaces
==================================================
==================================================

Data nativeness: aligned
Data compression: 50
Data type: inflated
Local features: []
Global features: []

Learning rate: 0.001
Batch size: 8

==================================================
==================================================
Processing...
Done!
Processing...
Done!
Processing...
Done!
[20/61] Loss: 4.4327, Train Accuracy: 0.3303, Mean IoU: 0.1300880741328001
[40/61] Loss: 3.1527, Train Accuracy: 0.4733, Mean IoU: 0.21213162317872047
[60/61] Loss: 2.3342, Train Accuracy: 0.6032, Mean IoU: 0.3656942956149578
Epoch: 01, Val Loss/nll: 1.1333413124084473, Val Acc: 0.5979
		Validation Label 0: 0.660124659538269
		Validation Label 1: 0.38588133454322815
		Validation Label 2: 0.16515609622001648
		Validation Label 3: 0.34220993518829346
		Validation Label 4: 0.1500931680202484
		Validation Label 5: 0.22899842262268066
		Validation Label 6: 0.0
		Validation Label 7: 0.21299396455287933
		Validation Label 8: nan
		Validation Label 9: 0.5289711952209473
		Validation Label 10: 0.21282316744327545
		Validation Label 11: 0.0
		Validation Label 12: 0.2602631151676178
		Validation Label 13: 0.0
		Validation Label 14: 0.2747025489807129
		Validation Label 15: 0.4550890326499939
		Validation Label 16: 0.5051112771034241
		Validation Label 17: 0.44127142429351807
Time: 754.9125823974609
============================================================
[20/61] Loss: 1.8109, Train Accuracy: 0.6892, Mean IoU: 0.44431181252002716
[40/61] Loss: 1.5620, Train Accuracy: 0.7296, Mean IoU: 0.4839636869728565
[60/61] Loss: 1.4146, Train Accuracy: 0.7560, Mean IoU: 0.5349703729152679
Epoch: 02, Val Loss/nll: 1.131502628326416, Val Acc: 0.6244
		Validation Label 0: 0.6227134466171265
		Validation Label 1: 0.450338751077652
		Validation Label 2: 0.2960423231124878
		Validation Label 3: 0.372455894947052
		Validation Label 4: 0.23847626149654388
		Validation Label 5: 0.2979205548763275
		Validation Label 6: 0.24556489288806915
		Validation Label 7: 0.42848658561706543
		Validation Label 8: nan
		Validation Label 9: 0.6395535469055176
		Validation Label 10: 0.37041857838630676
		Validation Label 11: 0.35163646936416626
		Validation Label 12: 0.32775694131851196
		Validation Label 13: 0.06040268391370773
		Validation Label 14: 0.34474560618400574
		Validation Label 15: 0.4151954650878906
		Validation Label 16: 0.6135613322257996
		Validation Label 17: 0.30297935009002686
Time: 745.9765946865082
============================================================
[20/61] Loss: 1.2000, Train Accuracy: 0.7882, Mean IoU: 0.5640719495713711
[40/61] Loss: 1.1536, Train Accuracy: 0.7975, Mean IoU: 0.5316908098757267
[60/61] Loss: 1.1644, Train Accuracy: 0.7976, Mean IoU: 0.553680419921875
Epoch: 03, Val Loss/nll: 0.7127403616905212, Val Acc: 0.7453
		Validation Label 0: 0.7503180503845215
		Validation Label 1: 0.5181929469108582
		Validation Label 2: 0.5391807556152344
		Validation Label 3: 0.5440149307250977
		Validation Label 4: 0.23947855830192566
		Validation Label 5: 0.49269288778305054
		Validation Label 6: 0.35687220096588135
		Validation Label 7: 0.44877272844314575
		Validation Label 8: nan
		Validation Label 9: 0.6951634287834167
		Validation Label 10: 0.4168564975261688
		Validation Label 11: 0.37729039788246155
		Validation Label 12: 0.44285890460014343
		Validation Label 13: 0.014065335504710674
		Validation Label 14: 0.5511202812194824
		Validation Label 15: 0.6164552569389343
		Validation Label 16: 0.6964554786682129
		Validation Label 17: 0.5852143168449402
Time: 744.1095445156097
============================================================
[20/61] Loss: 1.0535, Train Accuracy: 0.8135, Mean IoU: 0.6110015586018562
[40/61] Loss: 0.9692, Train Accuracy: 0.8265, Mean IoU: 0.6132253110408783
[60/61] Loss: 0.9475, Train Accuracy: 0.8306, Mean IoU: 0.6392104774713516
Epoch: 04, Val Loss/nll: 0.5928168296813965, Val Acc: 0.7970
		Validation Label 0: 0.782608687877655
		Validation Label 1: 0.6519938707351685
		Validation Label 2: 0.642711877822876
		Validation Label 3: 0.6935219168663025
		Validation Label 4: 0.39238691329956055
		Validation Label 5: 0.6081081032752991
		Validation Label 6: 0.5090525150299072
		Validation Label 7: 0.5655110478401184
		Validation Label 8: nan
		Validation Label 9: 0.6961336135864258
		Validation Label 10: 0.5503004789352417
		Validation Label 11: 0.5044348835945129
		Validation Label 12: 0.5492916107177734
		Validation Label 13: 0.11755307018756866
		Validation Label 14: 0.5685766339302063
		Validation Label 15: 0.6772879958152771
		Validation Label 16: 0.7698192000389099
		Validation Label 17: 0.6209430694580078
Time: 750.3276288509369
============================================================
[20/61] Loss: 0.9069, Train Accuracy: 0.8381, Mean IoU: 0.6540131121873856
[40/61] Loss: 0.8672, Train Accuracy: 0.8419, Mean IoU: 0.6496223583817482
[60/61] Loss: 0.8706, Train Accuracy: 0.8423, Mean IoU: 0.6388363465666771
Epoch: 05, Val Loss/nll: 0.541815996170044, Val Acc: 0.8014
		Validation Label 0: 0.8539256453514099
		Validation Label 1: 0.5482566952705383
		Validation Label 2: 0.5280112028121948
		Validation Label 3: 0.7214898467063904
		Validation Label 4: 0.5195146203041077
		Validation Label 5: 0.6007292866706848
		Validation Label 6: 0.5403993725776672
		Validation Label 7: 0.5648516416549683
		Validation Label 8: nan
		Validation Label 9: 0.7030808925628662
		Validation Label 10: 0.5490285754203796
		Validation Label 11: 0.46712493896484375
		Validation Label 12: 0.5636403560638428
		Validation Label 13: 0.34928300976753235
		Validation Label 14: 0.6104211807250977
		Validation Label 15: 0.6857641935348511
		Validation Label 16: 0.7437857985496521
		Validation Label 17: 0.6738659143447876
Time: 746.7596259117126
============================================================
[20/61] Loss: 0.8243, Train Accuracy: 0.8499, Mean IoU: 0.6510042622685432
[40/61] Loss: 0.8331, Train Accuracy: 0.8505, Mean IoU: 0.657124750316143
[60/61] Loss: 0.8281, Train Accuracy: 0.8495, Mean IoU: 0.668801911175251
Epoch: 06, Val Loss/nll: 0.7565178871154785, Val Acc: 0.7511
		Validation Label 0: 0.831472635269165
		Validation Label 1: 0.6311066746711731
		Validation Label 2: 0.5268315672874451
		Validation Label 3: 0.7382293343544006
		Validation Label 4: 0.4731201231479645
		Validation Label 5: 0.6191233992576599
		Validation Label 6: 0.568306028842926
		Validation Label 7: 0.59305739402771
		Validation Label 8: nan
		Validation Label 9: 0.35409173369407654
		Validation Label 10: 0.43510475754737854
		Validation Label 11: 0.4909314513206482
		Validation Label 12: 0.5584359765052795
		Validation Label 13: 0.21024590730667114
		Validation Label 14: 0.594021737575531
		Validation Label 15: 0.692723274230957
		Validation Label 16: 0.7307242155075073
		Validation Label 17: 0.5744545459747314
Time: 743.7949166297913
============================================================
[20/61] Loss: 0.7910, Train Accuracy: 0.8544, Mean IoU: 0.6681069582700729
[40/61] Loss: 0.7615, Train Accuracy: 0.8590, Mean IoU: 0.6702986061573029
[60/61] Loss: 0.7500, Train Accuracy: 0.8620, Mean IoU: 0.648744560778141
Epoch: 07, Val Loss/nll: 0.43199917674064636, Val Acc: 0.8423
		Validation Label 0: 0.8807244300842285
		Validation Label 1: 0.644304096698761
		Validation Label 2: 0.6441835761070251
		Validation Label 3: 0.6985622048377991
		Validation Label 4: 0.5437444448471069
		Validation Label 5: 0.5486659407615662
		Validation Label 6: 0.5006596446037292
		Validation Label 7: 0.5932847261428833
		Validation Label 8: nan
		Validation Label 9: 0.7939248085021973
		Validation Label 10: 0.5865094661712646
		Validation Label 11: 0.4156010150909424
		Validation Label 12: 0.5058408379554749
		Validation Label 13: 0.1576746106147766
		Validation Label 14: 0.6513928771018982
		Validation Label 15: 0.721276581287384
		Validation Label 16: 0.8413383364677429
		Validation Label 17: 0.7356992959976196
Time: 748.0715308189392
============================================================
[20/61] Loss: 0.7045, Train Accuracy: 0.8689, Mean IoU: 0.6774113476276398
[40/61] Loss: 0.7264, Train Accuracy: 0.8653, Mean IoU: 0.6852867379784584
[60/61] Loss: 0.6881, Train Accuracy: 0.8713, Mean IoU: 0.6955942586064339
Epoch: 08, Val Loss/nll: 0.426075279712677, Val Acc: 0.8416
		Validation Label 0: 0.879846453666687
		Validation Label 1: 0.6608457565307617
		Validation Label 2: 0.6766899228096008
		Validation Label 3: 0.7338523268699646
		Validation Label 4: 0.5888940095901489
		Validation Label 5: 0.6216601729393005
		Validation Label 6: 0.520697832107544
		Validation Label 7: 0.5440649390220642
		Validation Label 8: nan
		Validation Label 9: 0.7802117466926575
		Validation Label 10: 0.5926094651222229
		Validation Label 11: 0.490262895822525
		Validation Label 12: 0.5443294048309326
		Validation Label 13: 0.2933788001537323
		Validation Label 14: 0.6450549364089966
		Validation Label 15: 0.6879004240036011
		Validation Label 16: 0.8288366794586182
		Validation Label 17: 0.7182368040084839
Time: 754.3023364543915
============================================================
[20/61] Loss: 0.7036, Train Accuracy: 0.8687, Mean IoU: 0.6866109594702721
[40/61] Loss: 0.6922, Train Accuracy: 0.8701, Mean IoU: 0.6765806898474693
[60/61] Loss: 0.6781, Train Accuracy: 0.8726, Mean IoU: 0.6742084547877312
Epoch: 09, Val Loss/nll: 0.4042645990848541, Val Acc: 0.8581
		Validation Label 0: 0.8891453146934509
		Validation Label 1: 0.6967317461967468
		Validation Label 2: 0.6502475738525391
		Validation Label 3: 0.7776197195053101
		Validation Label 4: 0.6336336135864258
		Validation Label 5: 0.6389504671096802
		Validation Label 6: 0.5912961363792419
		Validation Label 7: 0.5490979552268982
		Validation Label 8: nan
		Validation Label 9: 0.7803993821144104
		Validation Label 10: 0.5730779767036438
		Validation Label 11: 0.5094509720802307
		Validation Label 12: 0.6216622591018677
		Validation Label 13: 0.3826465904712677
		Validation Label 14: 0.6045228838920593
		Validation Label 15: 0.7234182357788086
		Validation Label 16: 0.8496241569519043
		Validation Label 17: 0.7459140419960022
Time: 749.2532594203949
============================================================
[20/61] Loss: 0.6667, Train Accuracy: 0.8758, Mean IoU: 0.6908996626734734
[40/61] Loss: 0.6665, Train Accuracy: 0.8744, Mean IoU: 0.6860312148928642
[60/61] Loss: 0.6567, Train Accuracy: 0.8754, Mean IoU: 0.6627156063914299
Epoch: 10, Val Loss/nll: 0.513955295085907, Val Acc: 0.8144
		Validation Label 0: 0.8856669664382935
		Validation Label 1: 0.640783429145813
		Validation Label 2: 0.6633551716804504
		Validation Label 3: 0.6520065069198608
		Validation Label 4: 0.3907516300678253
		Validation Label 5: 0.5690132975578308
		Validation Label 6: 0.5277570486068726
		Validation Label 7: 0.6105077862739563
		Validation Label 8: nan
		Validation Label 9: 0.7844359874725342
		Validation Label 10: 0.5474675297737122
		Validation Label 11: 0.45417898893356323
		Validation Label 12: 0.5497019290924072
		Validation Label 13: 0.17027491331100464
		Validation Label 14: 0.48507899045944214
		Validation Label 15: 0.6641209721565247
		Validation Label 16: 0.8284595608711243
		Validation Label 17: 0.6956558227539062
Time: 743.5341784954071
============================================================
[20/61] Loss: 0.6291, Train Accuracy: 0.8812, Mean IoU: 0.7084919586777687
[40/61] Loss: 0.6200, Train Accuracy: 0.8826, Mean IoU: 0.7155708074569702
[60/61] Loss: 0.6404, Train Accuracy: 0.8804, Mean IoU: 0.7070875838398933
Epoch: 11, Val Loss/nll: 0.38422033190727234, Val Acc: 0.8589
		Validation Label 0: 0.9021766781806946
		Validation Label 1: 0.6706884503364563
		Validation Label 2: 0.6740757822990417
		Validation Label 3: 0.7478823065757751
		Validation Label 4: 0.6219969391822815
		Validation Label 5: 0.6456789970397949
		Validation Label 6: 0.5648945569992065
		Validation Label 7: 0.6708980202674866
		Validation Label 8: nan
		Validation Label 9: 0.7825490236282349
		Validation Label 10: 0.5249159932136536
		Validation Label 11: 0.5021228194236755
		Validation Label 12: 0.6369193196296692
		Validation Label 13: 0.24733807146549225
		Validation Label 14: 0.6582688689231873
		Validation Label 15: 0.7017834186553955
		Validation Label 16: 0.8507193922996521
		Validation Label 17: 0.7517662048339844
Time: 748.5386390686035
============================================================
[20/61] Loss: 0.6141, Train Accuracy: 0.8837, Mean IoU: 0.7052034363150597
[40/61] Loss: 0.6324, Train Accuracy: 0.8802, Mean IoU: 0.6976445689797401
[60/61] Loss: 0.6393, Train Accuracy: 0.8794, Mean IoU: 0.6974028497934341
Epoch: 12, Val Loss/nll: 0.340135395526886, Val Acc: 0.8680
		Validation Label 0: 0.8730567693710327
		Validation Label 1: 0.7127634286880493
		Validation Label 2: 0.6865999698638916
		Validation Label 3: 0.7647837400436401
		Validation Label 4: 0.6747100949287415
		Validation Label 5: 0.6782954931259155
		Validation Label 6: 0.6055727601051331
		Validation Label 7: 0.6812857389450073
		Validation Label 8: nan
		Validation Label 9: 0.8022440671920776
		Validation Label 10: 0.5105773210525513
		Validation Label 11: 0.5423357486724854
		Validation Label 12: 0.6479290127754211
		Validation Label 13: 0.3990001976490021
		Validation Label 14: 0.6591576933860779
		Validation Label 15: 0.695172131061554
		Validation Label 16: 0.8711328506469727
		Validation Label 17: 0.7459629774093628
Time: 747.0617015361786
============================================================
[20/61] Loss: 0.6430, Train Accuracy: 0.8793, Mean IoU: 0.7056218907237053
[40/61] Loss: 0.6070, Train Accuracy: 0.8841, Mean IoU: 0.6930878385901451
[60/61] Loss: 0.6047, Train Accuracy: 0.8841, Mean IoU: 0.7161278501152992
Epoch: 13, Val Loss/nll: 0.37823736667633057, Val Acc: 0.8605
		Validation Label 0: 0.9016107320785522
		Validation Label 1: 0.6833881735801697
		Validation Label 2: 0.6722980737686157
		Validation Label 3: 0.7750841975212097
		Validation Label 4: 0.6076418161392212
		Validation Label 5: 0.6954860091209412
		Validation Label 6: 0.6047770977020264
		Validation Label 7: 0.6428925395011902
		Validation Label 8: nan
		Validation Label 9: 0.7523167133331299
		Validation Label 10: 0.6267268657684326
		Validation Label 11: 0.5181418657302856
		Validation Label 12: 0.6247461438179016
		Validation Label 13: 0.22599245607852936
		Validation Label 14: 0.6717008948326111
		Validation Label 15: 0.7348901033401489
		Validation Label 16: 0.8642092347145081
		Validation Label 17: 0.7442123889923096
Time: 745.2379989624023
============================================================
[20/61] Loss: 0.5821, Train Accuracy: 0.8880, Mean IoU: 0.7046108096837997
[40/61] Loss: 0.5972, Train Accuracy: 0.8851, Mean IoU: 0.6955510228872299
[60/61] Loss: 0.5930, Train Accuracy: 0.8861, Mean IoU: 0.7307049930095673
Epoch: 14, Val Loss/nll: 0.5297600626945496, Val Acc: 0.8143
		Validation Label 0: 0.9241019487380981
		Validation Label 1: 0.6837045550346375
		Validation Label 2: 0.6483370065689087
		Validation Label 3: 0.771839439868927
		Validation Label 4: 0.38189101219177246
		Validation Label 5: 0.641687273979187
		Validation Label 6: 0.5744855999946594
		Validation Label 7: 0.5840448141098022
		Validation Label 8: nan
		Validation Label 9: 0.6704418659210205
		Validation Label 10: 0.592296838760376
		Validation Label 11: 0.50417160987854
		Validation Label 12: 0.6030563116073608
		Validation Label 13: 0.2434198558330536
		Validation Label 14: 0.679867148399353
		Validation Label 15: 0.7453262805938721
		Validation Label 16: 0.8323214650154114
		Validation Label 17: 0.667338490486145
Time: 749.8845133781433
============================================================
[20/61] Loss: 0.5822, Train Accuracy: 0.8891, Mean IoU: 0.7261481285095215
[40/61] Loss: 0.5763, Train Accuracy: 0.8893, Mean IoU: 0.710602305829525
[60/61] Loss: 0.5743, Train Accuracy: 0.8891, Mean IoU: 0.7129707932472229
Epoch: 15, Val Loss/nll: 0.35053685307502747, Val Acc: 0.8733
		Validation Label 0: 0.9180272817611694
		Validation Label 1: 0.7379922866821289
		Validation Label 2: 0.6980682015419006
		Validation Label 3: 0.7747506499290466
		Validation Label 4: 0.6982777118682861
		Validation Label 5: 0.6718676686286926
		Validation Label 6: 0.5993150472640991
		Validation Label 7: 0.6828573942184448
		Validation Label 8: nan
		Validation Label 9: 0.7871759533882141
		Validation Label 10: 0.5663589239120483
		Validation Label 11: 0.4895641505718231
		Validation Label 12: 0.5108469128608704
		Validation Label 13: 0.3017790615558624
		Validation Label 14: 0.6951956152915955
		Validation Label 15: 0.7528745532035828
		Validation Label 16: 0.8849774599075317
		Validation Label 17: 0.7682239413261414
Time: 745.0672631263733
============================================================
[20/61] Loss: 0.5547, Train Accuracy: 0.8916, Mean IoU: 0.7274496033787727
[40/61] Loss: 0.5639, Train Accuracy: 0.8917, Mean IoU: 0.6992669180035591
[60/61] Loss: 0.5362, Train Accuracy: 0.8954, Mean IoU: 0.728539265692234
Epoch: 16, Val Loss/nll: 0.55870521068573, Val Acc: 0.8428
		Validation Label 0: 0.9327950477600098
		Validation Label 1: 0.6956252455711365
		Validation Label 2: 0.6600323915481567
		Validation Label 3: 0.7778839468955994
		Validation Label 4: 0.2918979823589325
		Validation Label 5: 0.5953237414360046
		Validation Label 6: 0.555747926235199
		Validation Label 7: 0.6452036499977112
		Validation Label 8: nan
		Validation Label 9: 0.7998272776603699
		Validation Label 10: 0.6334682703018188
		Validation Label 11: 0.5139167904853821
		Validation Label 12: 0.5366994738578796
		Validation Label 13: 0.09211116284132004
		Validation Label 14: 0.6792401671409607
		Validation Label 15: 0.7416216135025024
		Validation Label 16: 0.8421835899353027
		Validation Label 17: 0.7176083922386169
Time: 750.2613847255707
============================================================
[20/61] Loss: 0.5683, Train Accuracy: 0.8911, Mean IoU: 0.7193403169512749
[40/61] Loss: 0.5447, Train Accuracy: 0.8941, Mean IoU: 0.729996457695961
[60/61] Loss: 0.5673, Train Accuracy: 0.8911, Mean IoU: 0.7303787395358086
Epoch: 17, Val Loss/nll: 0.3463507294654846, Val Acc: 0.8748
		Validation Label 0: 0.9227128028869629
		Validation Label 1: 0.7366120219230652
		Validation Label 2: 0.705746591091156
		Validation Label 3: 0.7611496448516846
		Validation Label 4: 0.6539129018783569
		Validation Label 5: 0.6574495434761047
		Validation Label 6: 0.5672363638877869
		Validation Label 7: 0.7026649117469788
		Validation Label 8: nan
		Validation Label 9: 0.8142911791801453
		Validation Label 10: 0.6576101779937744
		Validation Label 11: 0.4927176833152771
		Validation Label 12: 0.6335447430610657
		Validation Label 13: 0.39651182293891907
		Validation Label 14: 0.6883432269096375
		Validation Label 15: 0.7577192783355713
		Validation Label 16: 0.8736344575881958
		Validation Label 17: 0.766116738319397
Time: 748.8757126331329
============================================================
[20/61] Loss: 0.5435, Train Accuracy: 0.8952, Mean IoU: 0.7174416556954384
[40/61] Loss: 0.5659, Train Accuracy: 0.8902, Mean IoU: 0.7341137453913689
[60/61] Loss: 0.5216, Train Accuracy: 0.8984, Mean IoU: 0.7458929121494293
Epoch: 18, Val Loss/nll: 0.3618229329586029, Val Acc: 0.8743
		Validation Label 0: 0.9228513836860657
		Validation Label 1: 0.713607907295227
		Validation Label 2: 0.6825261116027832
		Validation Label 3: 0.7642946243286133
		Validation Label 4: 0.6598344445228577
		Validation Label 5: 0.6588761806488037
		Validation Label 6: 0.5500166416168213
		Validation Label 7: 0.6097032427787781
		Validation Label 8: nan
		Validation Label 9: 0.7946522831916809
		Validation Label 10: 0.5734137296676636
		Validation Label 11: 0.49839040637016296
		Validation Label 12: 0.6655376553535461
		Validation Label 13: 0.38678452372550964
		Validation Label 14: 0.6736474633216858
		Validation Label 15: 0.7233963012695312
		Validation Label 16: 0.8750462532043457
		Validation Label 17: 0.764960527420044
Time: 742.6268405914307
============================================================
[20/61] Loss: 0.5408, Train Accuracy: 0.8953, Mean IoU: 0.6778785772621632
[40/61] Loss: 0.5199, Train Accuracy: 0.8980, Mean IoU: 0.7267645001411438
[60/61] Loss: 0.5092, Train Accuracy: 0.8997, Mean IoU: 0.7373126447200775
Epoch: 19, Val Loss/nll: 0.29733163118362427, Val Acc: 0.8828
		Validation Label 0: 0.928481936454773
		Validation Label 1: 0.7130434513092041
		Validation Label 2: 0.6895591616630554
		Validation Label 3: 0.7969139814376831
		Validation Label 4: 0.6861735582351685
		Validation Label 5: 0.6601166129112244
		Validation Label 6: 0.6013755202293396
		Validation Label 7: 0.7130942344665527
		Validation Label 8: nan
		Validation Label 9: 0.7965060472488403
		Validation Label 10: 0.669272243976593
		Validation Label 11: 0.5520070195198059
		Validation Label 12: 0.6678532958030701
		Validation Label 13: 0.3839680254459381
		Validation Label 14: 0.6756232976913452
		Validation Label 15: 0.759125292301178
		Validation Label 16: 0.8921903967857361
		Validation Label 17: 0.7761327028274536
Time: 744.8589012622833
============================================================
[20/61] Loss: 0.5059, Train Accuracy: 0.8999, Mean IoU: 0.7346015051007271
[40/61] Loss: 0.5074, Train Accuracy: 0.9005, Mean IoU: 0.7290838658809662
[60/61] Loss: 0.5120, Train Accuracy: 0.8996, Mean IoU: 0.734239898622036
Epoch: 20, Val Loss/nll: 0.3247624337673187, Val Acc: 0.8814
		Validation Label 0: 0.9346492886543274
		Validation Label 1: 0.7402416467666626
		Validation Label 2: 0.6793392896652222
		Validation Label 3: 0.8028135895729065
		Validation Label 4: 0.6823352575302124
		Validation Label 5: 0.6851650476455688
		Validation Label 6: 0.6019224524497986
		Validation Label 7: 0.7017527222633362
		Validation Label 8: nan
		Validation Label 9: 0.8288359642028809
		Validation Label 10: 0.6473585367202759
		Validation Label 11: 0.5474189519882202
		Validation Label 12: 0.6457381248474121
		Validation Label 13: 0.3944612145423889
		Validation Label 14: 0.6882255673408508
		Validation Label 15: 0.764075517654419
		Validation Label 16: 0.8762767910957336
		Validation Label 17: 0.7813540697097778
Time: 752.7915279865265
============================================================
[20/61] Loss: 0.5087, Train Accuracy: 0.9003, Mean IoU: 0.7175211980938911
[40/61] Loss: 0.4973, Train Accuracy: 0.9029, Mean IoU: 0.7335041165351868
[60/61] Loss: 0.5074, Train Accuracy: 0.9004, Mean IoU: 0.7306453138589859
Epoch: 21, Val Loss/nll: 0.36125603318214417, Val Acc: 0.8757
		Validation Label 0: 0.9254751801490784
		Validation Label 1: 0.6689032912254333
		Validation Label 2: 0.6641509532928467
		Validation Label 3: 0.779212236404419
		Validation Label 4: 0.7044101357460022
		Validation Label 5: 0.6755172610282898
		Validation Label 6: 0.5955983400344849
		Validation Label 7: 0.7029375433921814
		Validation Label 8: nan
		Validation Label 9: 0.808708906173706
		Validation Label 10: 0.6652519702911377
		Validation Label 11: 0.5642281174659729
		Validation Label 12: 0.6668404340744019
		Validation Label 13: 0.24988813698291779
		Validation Label 14: 0.7052038908004761
		Validation Label 15: 0.7597997188568115
		Validation Label 16: 0.873824417591095
		Validation Label 17: 0.7585198283195496
Time: 746.9126470088959
============================================================
[20/61] Loss: 0.5056, Train Accuracy: 0.9005, Mean IoU: 0.7178786844015121
[40/61] Loss: 0.5284, Train Accuracy: 0.8957, Mean IoU: 0.7326136007905006
[60/61] Loss: 0.4970, Train Accuracy: 0.9026, Mean IoU: 0.7377580925822258
Epoch: 22, Val Loss/nll: 0.3470892012119293, Val Acc: 0.8799
		Validation Label 0: 0.9280796647071838
		Validation Label 1: 0.6711267828941345
		Validation Label 2: 0.7062690854072571
		Validation Label 3: 0.7511913776397705
		Validation Label 4: 0.7129321694374084
		Validation Label 5: 0.675190269947052
		Validation Label 6: 0.5373085737228394
		Validation Label 7: 0.6963825225830078
		Validation Label 8: nan
		Validation Label 9: 0.8156341314315796
		Validation Label 10: 0.5766961574554443
		Validation Label 11: 0.5085679292678833
		Validation Label 12: 0.6661345362663269
		Validation Label 13: 0.45207101106643677
		Validation Label 14: 0.6579841375350952
		Validation Label 15: 0.7417137026786804
		Validation Label 16: 0.8786073923110962
		Validation Label 17: 0.7844136357307434
Time: 745.6213326454163
============================================================
[20/61] Loss: 0.4942, Train Accuracy: 0.9024, Mean IoU: 0.73936827480793
[40/61] Loss: 0.4825, Train Accuracy: 0.9044, Mean IoU: 0.7283959463238716
[60/61] Loss: 0.4819, Train Accuracy: 0.9049, Mean IoU: 0.7433096170425415
Epoch: 23, Val Loss/nll: 0.28864163160324097, Val Acc: 0.8891
		Validation Label 0: 0.9390009045600891
		Validation Label 1: 0.7276678085327148
		Validation Label 2: 0.7144575119018555
		Validation Label 3: 0.7990815043449402
		Validation Label 4: 0.7097849249839783
		Validation Label 5: 0.7039425373077393
		Validation Label 6: 0.6235054135322571
		Validation Label 7: 0.728114128112793
		Validation Label 8: nan
		Validation Label 9: 0.8234894275665283
		Validation Label 10: 0.6668283343315125
		Validation Label 11: 0.5585792064666748
		Validation Label 12: 0.6564438343048096
		Validation Label 13: 0.43711578845977783
		Validation Label 14: 0.7086553573608398
		Validation Label 15: 0.7651779651641846
		Validation Label 16: 0.8962566256523132
		Validation Label 17: 0.7887653112411499
Time: 752.6261057853699
============================================================
[20/61] Loss: 0.4795, Train Accuracy: 0.9052, Mean IoU: 0.7416933551430702
[40/61] Loss: 0.5137, Train Accuracy: 0.8988, Mean IoU: 0.7250061184167862
[60/61] Loss: 0.5002, Train Accuracy: 0.9011, Mean IoU: 0.7140191197395325
Epoch: 24, Val Loss/nll: 0.3210863173007965, Val Acc: 0.8797
		Validation Label 0: 0.9243983626365662
		Validation Label 1: 0.7435897588729858
		Validation Label 2: 0.6933788657188416
		Validation Label 3: 0.8134027719497681
		Validation Label 4: 0.7121714353561401
		Validation Label 5: 0.7004125118255615
		Validation Label 6: 0.6269207000732422
		Validation Label 7: 0.6922041773796082
		Validation Label 8: nan
		Validation Label 9: 0.798547089099884
		Validation Label 10: 0.6411457061767578
		Validation Label 11: 0.5036959052085876
		Validation Label 12: 0.657494843006134
		Validation Label 13: 0.4715491831302643
		Validation Label 14: 0.7059299349784851
		Validation Label 15: 0.748480498790741
		Validation Label 16: 0.8729056715965271
		Validation Label 17: 0.7783181667327881
Time: 749.1776392459869
============================================================
[20/61] Loss: 0.4871, Train Accuracy: 0.9035, Mean IoU: 0.7381082773208618
[40/61] Loss: 0.4862, Train Accuracy: 0.9034, Mean IoU: 0.7492123544216156
[60/61] Loss: 0.4991, Train Accuracy: 0.9014, Mean IoU: 0.7444684132933617
Epoch: 25, Val Loss/nll: 0.4073350429534912, Val Acc: 0.8589
		Validation Label 0: 0.9255457520484924
		Validation Label 1: 0.6821670532226562
		Validation Label 2: 0.5565741062164307
		Validation Label 3: 0.7731072902679443
		Validation Label 4: 0.5854926109313965
		Validation Label 5: 0.6720085740089417
		Validation Label 6: 0.6130853295326233
		Validation Label 7: 0.5001586079597473
		Validation Label 8: nan
		Validation Label 9: 0.7905082702636719
		Validation Label 10: 0.49552321434020996
		Validation Label 11: 0.5044329166412354
		Validation Label 12: 0.5906867980957031
		Validation Label 13: 0.33009034395217896
		Validation Label 14: 0.647217869758606
		Validation Label 15: 0.7345836162567139
		Validation Label 16: 0.869659960269928
		Validation Label 17: 0.7584035396575928
Time: 742.7434725761414
============================================================
[20/61] Loss: 0.4976, Train Accuracy: 0.9019, Mean IoU: 0.7485208436846733
[40/61] Loss: 0.4954, Train Accuracy: 0.9023, Mean IoU: 0.7368531823158264
[60/61] Loss: 0.4830, Train Accuracy: 0.9043, Mean IoU: 0.7480657398700714
slurmstepd: error: *** JOB 3850 ON sicklebill CANCELLED AT 2020-04-05T20:09:27 ***
