Fri Apr 10 12:51:47 2020       
+-----------------------------------------------------------------------------+
| NVIDIA-SMI 435.21       Driver Version: 435.21       CUDA Version: 10.1     |
|-------------------------------+----------------------+----------------------+
| GPU  Name        Persistence-M| Bus-Id        Disp.A | Volatile Uncorr. ECC |
| Fan  Temp  Perf  Pwr:Usage/Cap|         Memory-Usage | GPU-Util  Compute M. |
|===============================+======================+======================|
|   0  TITAN Xp            On   | 00000000:B5:00.0 Off |                  N/A |
| 23%   26C    P8     9W / 250W |      0MiB / 12196MiB |      0%      Default |
+-------------------------------+----------------------+----------------------+
                                                                               
+-----------------------------------------------------------------------------+
| Processes:                                                       GPU Memory |
|  GPU       PID   Type   Process name                             Usage      |
|=============================================================================|
|  No running processes found                                                 |
+-----------------------------------------------------------------------------+
 12:51:47 up 98 days, 22:05,  4 users,  load average: 25.81, 26.78, 30.48
/vol/biomedic2/aa16914/shared/MScAI_brain_surface/alex/deepl_brain_surfaces
==================================================
==================================================

Data nativeness: aligned
Data compression: 50
Data type: inflated
Local features: ['corr_thickness', 'myelin_map']
Global features: []

Learning rate: 0.001
Batch size: 8

==================================================
==================================================
Processing...
Done!
Processing...
Done!
Processing...
Done!
Traceback (most recent call last):
  File "/usr/lib/python3.6/runpy.py", line 193, in _run_module_as_main
    "__main__", mod_spec)
  File "/usr/lib/python3.6/runpy.py", line 85, in _run_code
    exec(code, run_globals)
  File "/vol/biomedic2/aa16914/shared/MScAI_brain_surface/alex/deepl_brain_surfaces/main/pointnet2-segmentation.py", line 433, in <module>
    train(epoch)
  File "/vol/biomedic2/aa16914/shared/MScAI_brain_surface/alex/deepl_brain_surfaces/main/pointnet2-segmentation.py", line 189, in train
    out = model(data)
  File "/vol/project/2019/545/g1954504/venv_1.2/lib/python3.6/site-packages/torch/nn/modules/module.py", line 547, in __call__
    result = self.forward(*input, **kwargs)
  File "/vol/biomedic2/aa16914/shared/MScAI_brain_surface/alex/deepl_brain_surfaces/main/pointnet2-segmentation.py", line 104, in forward
    sa2_out = self.sa2_module(*sa1_out)
  File "/vol/project/2019/545/g1954504/venv_1.2/lib/python3.6/site-packages/torch/nn/modules/module.py", line 547, in __call__
    result = self.forward(*input, **kwargs)
  File "/vol/biomedic2/aa16914/shared/MScAI_brain_surface/alex/deepl_brain_surfaces/main/pointnet2-segmentation.py", line 41, in forward
    x = self.conv(x, (pos, pos[idx]), edge_index)
  File "/vol/project/2019/545/g1954504/venv_1.2/lib/python3.6/site-packages/torch/nn/modules/module.py", line 547, in __call__
    result = self.forward(*input, **kwargs)
  File "/vol/project/2019/545/g1954504/venv_1.2/lib/python3.6/site-packages/torch_geometric/nn/conv/point_conv.py", line 66, in forward
    return self.propagate(edge_index, x=x, pos=pos)
  File "/vol/project/2019/545/g1954504/venv_1.2/lib/python3.6/site-packages/torch_geometric/nn/conv/message_passing.py", line 126, in propagate
    out = self.message(*message_args)
  File "/vol/project/2019/545/g1954504/venv_1.2/lib/python3.6/site-packages/torch_geometric/nn/conv/point_conv.py", line 73, in message
    msg = self.local_nn(msg)
  File "/vol/project/2019/545/g1954504/venv_1.2/lib/python3.6/site-packages/torch/nn/modules/module.py", line 547, in __call__
    result = self.forward(*input, **kwargs)
  File "/vol/project/2019/545/g1954504/venv_1.2/lib/python3.6/site-packages/torch/nn/modules/container.py", line 92, in forward
    input = module(input)
  File "/vol/project/2019/545/g1954504/venv_1.2/lib/python3.6/site-packages/torch/nn/modules/module.py", line 547, in __call__
    result = self.forward(*input, **kwargs)
  File "/vol/project/2019/545/g1954504/venv_1.2/lib/python3.6/site-packages/torch/nn/modules/container.py", line 92, in forward
    input = module(input)
  File "/vol/project/2019/545/g1954504/venv_1.2/lib/python3.6/site-packages/torch/nn/modules/module.py", line 547, in __call__
    result = self.forward(*input, **kwargs)
  File "/vol/project/2019/545/g1954504/venv_1.2/lib/python3.6/site-packages/torch/nn/modules/activation.py", line 94, in forward
    return F.relu(input, inplace=self.inplace)
  File "/vol/project/2019/545/g1954504/venv_1.2/lib/python3.6/site-packages/torch/nn/functional.py", line 913, in relu
    result = torch.relu(input)
RuntimeError: CUDA out of memory. Tried to allocate 408.00 MiB (GPU 0; 11.91 GiB total capacity; 10.61 GiB already allocated; 247.06 MiB free; 439.91 MiB cached)
