Mon Apr  6 11:37:49 2020       
+-----------------------------------------------------------------------------+
| NVIDIA-SMI 435.21       Driver Version: 435.21       CUDA Version: 10.1     |
|-------------------------------+----------------------+----------------------+
| GPU  Name        Persistence-M| Bus-Id        Disp.A | Volatile Uncorr. ECC |
| Fan  Temp  Perf  Pwr:Usage/Cap|         Memory-Usage | GPU-Util  Compute M. |
|===============================+======================+======================|
|   0  Tesla K80           On   | 00000000:08:00.0 Off |                    0 |
| N/A   29C    P8    29W / 149W |      0MiB / 11441MiB |      0%      Default |
+-------------------------------+----------------------+----------------------+
                                                                               
+-----------------------------------------------------------------------------+
| Processes:                                                       GPU Memory |
|  GPU       PID   Type   Process name                             Usage      |
|=============================================================================|
|  No running processes found                                                 |
+-----------------------------------------------------------------------------+
 11:37:50 up 58 days, 23:40,  3 users,  load average: 3.00, 2.93, 3.89
/vol/biomedic2/aa16914/shared/MScAI_brain_surface/alex/deepl_brain_surfaces
==================================================
==================================================

Data nativeness: aligned
Data compression: 50
Data type: pial
Local features: []
Global features: []

Learning rate: 0.001
Batch size: 8

==================================================
==================================================
Processing...
Done!
Processing...
Done!
Processing...
Done!
[20/61] Loss: 0.7991, Train Accuracy: 0.2942, Mean IoU: 0.08127052430063486
[40/61] Loss: 0.6978, Train Accuracy: 0.3381, Mean IoU: 0.08801656402647495
[60/61] Loss: 0.6637, Train Accuracy: 0.3656, Mean IoU: 0.09099268820136786
Epoch: 01, Val Loss/nll: 3.166567087173462, Val Acc: 0.3308
		Validation Label 0: 0.11048752814531326
		Validation Label 1: 0.0
		Validation Label 2: 0.0
		Validation Label 3: 0.0
		Validation Label 4: 0.0
		Validation Label 5: 0.0
		Validation Label 6: 0.0
		Validation Label 7: 0.0
		Validation Label 8: nan
		Validation Label 9: 0.0
		Validation Label 10: 0.0
		Validation Label 11: 0.0
		Validation Label 12: 0.0
		Validation Label 13: 0.0
		Validation Label 14: 0.0
		Validation Label 15: 0.0
		Validation Label 16: 0.3374257981777191
		Validation Label 17: 0.0
============================================================
		Test Label 0: 0.10463061183691025
		Test Label 1: 0.0
		Test Label 2: 0.0
		Test Label 3: 0.0
		Test Label 4: 0.0
		Test Label 5: 0.0
		Test Label 6: 0.0
		Test Label 7: 0.0
		Test Label 8: nan
		Test Label 9: 0.0
		Test Label 10: 0.0
		Test Label 11: 0.0
		Test Label 12: 0.0
		Test Label 13: 0.0
		Test Label 14: 0.0
		Test Label 15: 0.0
		Test Label 16: 0.33353134989738464
		Test Label 17: 0.0
==================================================
==================================================

Data nativeness: aligned
Data compression: 50
Data type: pial
Local features: ['corr_thickness']
Global features: []

Learning rate: 0.001
Batch size: 8

==================================================
==================================================
Processing...
Done!
Processing...
Done!
Processing...
Done!
/vol/biomedic2/aa16914/shared/MScAI_brain_surface/alex/deepl_brain_surfaces/src/plot_confusion_matrix.py:36: RuntimeWarning: invalid value encountered in true_divide
  cm = cm.astype('float')*10 / cm.sum(axis=1)[:, np.newaxis]
[20/61] Loss: 0.7415, Train Accuracy: 0.3314, Mean IoU: 0.11052980832755566
[40/61] Loss: 0.5194, Train Accuracy: 0.4893, Mean IoU: 0.2028580829501152
[60/61] Loss: 0.4039, Train Accuracy: 0.5860, Mean IoU: 0.3181321546435356
Epoch: 01, Val Loss/nll: 1.144870638847351, Val Acc: 0.6043
		Validation Label 0: 0.4203966557979584
		Validation Label 1: 0.34674373269081116
		Validation Label 2: 0.17188656330108643
		Validation Label 3: 0.27538248896598816
		Validation Label 4: 0.19539391994476318
		Validation Label 5: 0.31718987226486206
		Validation Label 6: 0.06443372368812561
		Validation Label 7: 0.10653349757194519
		Validation Label 8: nan
		Validation Label 9: 0.4395817816257477
		Validation Label 10: 0.18640047311782837
		Validation Label 11: 0.09908789396286011
		Validation Label 12: 0.29555651545524597
		Validation Label 13: 0.0
		Validation Label 14: 0.369994193315506
		Validation Label 15: 0.47266650199890137
		Validation Label 16: 0.6423437595367432
		Validation Label 17: 0.3693923354148865
============================================================
slurmstepd: error: *** JOB 3870 ON sicklebill CANCELLED AT 2020-04-06T12:28:31 ***
